2023-04-02 14:52:00,176 [Worker-1: Loading available Gradle versions] INFO  o.e.b.c.i.u.g.PublishedGradleVersions - Gradle version information cache is up-to-date. Trying to read.
2023-04-02 14:52:18,763 [Worker-7: Update Maven projects configuration] INFO  o.e.m.c.i.p.ProjectConfigurationManager - Update started
2023-04-02 14:52:24,472 [Worker-7: Update Maven projects configuration] INFO  o.e.m.c.i.l.LifecycleMappingFactory - Using org.eclipse.m2e.jdt.JarLifecycleMapping lifecycle mapping for MavenProject: com.example:PhysicianAvailability:0.0.1-SNAPSHOT @ D:\JavaFS TRAINING\Practice-M-S\Final-integration-main\Microservices\g3-physician-availability-service\pom.xml.
2023-04-02 14:52:30,704 [Worker-7: Update Maven projects configuration] WARN  o.e.m.c.i.embedder.EclipseLogger - The artifact mysql:mysql-connector-java:jar:8.0.31 has been relocated to com.mysql:mysql-connector-j:jar:8.0.31: MySQL Connector/J artifacts moved to reverse-DNS compliant Maven 2+ coordinates.
2023-04-02 14:52:34,591 [Worker-2: Building] INFO  o.e.m.c.i.l.LifecycleMappingFactory - Using org.eclipse.m2e.jdt.JarLifecycleMapping lifecycle mapping for MavenProject: com.example:AllergyService:0.0.1-SNAPSHOT @ D:\JavaFS TRAINING\Practice-M-S\Final-integration-main\Microservices\g3-allergy-service\pom.xml.
2023-04-02 14:52:35,836 [Worker-2: Building] WARN  o.e.m.c.i.embedder.EclipseLogger - The artifact mysql:mysql-connector-java:jar:8.0.31 has been relocated to com.mysql:mysql-connector-j:jar:8.0.31: MySQL Connector/J artifacts moved to reverse-DNS compliant Maven 2+ coordinates.
2023-04-02 14:52:36,999 [Worker-2: Building] INFO  o.a.m.s.f.DefaultMavenResourcesFiltering - Copying 1 resource
2023-04-02 14:52:37,133 [Worker-2: Building] INFO  o.a.m.s.f.DefaultMavenResourcesFiltering - Copying 1 resource
2023-04-02 14:52:37,144 [Worker-2: Building] INFO  o.a.m.s.f.DefaultMavenResourcesFiltering - skip non existing resourceDirectory D:\JavaFS TRAINING\Practice-M-S\Final-integration-main\Microservices\g3-allergy-service\src\test\resources
2023-04-02 14:52:37,232 [Worker-7: Update Maven projects configuration] INFO  o.e.m.j.i.AbstractJavaProjectConfigurator - Adding source folder /g3-physician-availability-service/src/main/java
2023-04-02 14:52:37,232 [Worker-7: Update Maven projects configuration] INFO  o.e.m.j.i.AbstractJavaProjectConfigurator - Adding resource folder /g3-physician-availability-service/src/main/resources
2023-04-02 14:52:37,242 [Worker-7: Update Maven projects configuration] INFO  o.e.m.j.i.AbstractJavaProjectConfigurator - Adding resource folder /g3-physician-availability-service/src/main/resources
2023-04-02 14:52:37,271 [Worker-7: Update Maven projects configuration] INFO  o.e.m.j.i.AbstractJavaProjectConfigurator - Adding source folder /g3-physician-availability-service/src/test/java
2023-04-02 14:52:37,948 [Worker-2: Building] INFO  o.e.m.c.i.l.LifecycleMappingFactory - Using org.eclipse.m2e.jdt.JarLifecycleMapping lifecycle mapping for MavenProject: com.example:Appointment:0.0.1-SNAPSHOT @ D:\JavaFS TRAINING\Practice-M-S\Final-integration-main\Microservices\g3-appointment-service\pom.xml.
2023-04-02 14:52:38,771 [Worker-2: Building] WARN  o.e.m.c.i.embedder.EclipseLogger - The artifact mysql:mysql-connector-java:jar:8.0.31 has been relocated to com.mysql:mysql-connector-j:jar:8.0.31: MySQL Connector/J artifacts moved to reverse-DNS compliant Maven 2+ coordinates.
2023-04-02 14:52:39,587 [Worker-2: Building] INFO  o.a.m.s.f.DefaultMavenResourcesFiltering - Copying 1 resource
2023-04-02 14:52:39,721 [Worker-2: Building] INFO  o.a.m.s.f.DefaultMavenResourcesFiltering - Copying 0 resource
2023-04-02 14:52:39,729 [Worker-2: Building] INFO  o.a.m.s.f.DefaultMavenResourcesFiltering - skip non existing resourceDirectory D:\JavaFS TRAINING\Practice-M-S\Final-integration-main\Microservices\g3-appointment-service\src\test\resources
2023-04-02 14:52:40,090 [Worker-6: Updating Maven Dependencies] INFO  o.e.m.c.i.l.LifecycleMappingFactory - Using org.eclipse.m2e.jdt.JarLifecycleMapping lifecycle mapping for MavenProject: com.example:PatientHealthRecordService:0.0.1-SNAPSHOT @ D:\JavaFS TRAINING\Practice-M-S\Final-integration-main\Microservices\g3-patient-health-record-service\pom.xml.
2023-04-02 14:52:40,874 [Worker-6: Updating Maven Dependencies] WARN  o.e.m.c.i.embedder.EclipseLogger - The artifact mysql:mysql-connector-java:jar:8.0.31 has been relocated to com.mysql:mysql-connector-j:jar:8.0.31: MySQL Connector/J artifacts moved to reverse-DNS compliant Maven 2+ coordinates.
2023-04-02 14:52:48,903 [Worker-12: Building] INFO  o.e.m.c.i.l.LifecycleMappingFactory - Using org.eclipse.m2e.jdt.JarLifecycleMapping lifecycle mapping for MavenProject: com.example:AuthenticationService:0.0.1-SNAPSHOT @ D:\JavaFS TRAINING\Practice-M-S\Final-integration-main\Microservices\g3-authentication-service\pom.xml.
2023-04-02 14:52:49,777 [Worker-12: Building] WARN  o.e.m.c.i.embedder.EclipseLogger - The artifact mysql:mysql-connector-java:jar:8.0.31 has been relocated to com.mysql:mysql-connector-j:jar:8.0.31: MySQL Connector/J artifacts moved to reverse-DNS compliant Maven 2+ coordinates.
2023-04-02 14:52:50,663 [Worker-12: Building] INFO  o.a.m.s.f.DefaultMavenResourcesFiltering - Copying 2 resources
2023-04-02 14:52:50,711 [Worker-12: Building] INFO  o.a.m.s.f.DefaultMavenResourcesFiltering - Copying 0 resource
2023-04-02 14:52:50,718 [Worker-12: Building] INFO  o.a.m.s.f.DefaultMavenResourcesFiltering - skip non existing resourceDirectory D:\JavaFS TRAINING\Practice-M-S\Final-integration-main\Microservices\g3-authentication-service\src\test\resources
2023-04-02 14:52:52,811 [Worker-11: Building] INFO  o.e.m.c.i.l.LifecycleMappingFactory - Using org.eclipse.m2e.jdt.JarLifecycleMapping lifecycle mapping for MavenProject: com.example:g3-gateway-service:0.0.1-SNAPSHOT @ D:\JavaFS TRAINING\Practice-M-S\Final-integration-main\Microservices\g3-gateway-service\pom.xml.
2023-04-02 14:52:55,864 [Worker-11: Building] INFO  o.a.m.s.f.DefaultMavenResourcesFiltering - Copying 1 resource
2023-04-02 14:52:55,985 [Worker-11: Building] INFO  o.a.m.s.f.DefaultMavenResourcesFiltering - Copying 0 resource
2023-04-02 14:52:55,992 [Worker-11: Building] INFO  o.a.m.s.f.DefaultMavenResourcesFiltering - skip non existing resourceDirectory D:\JavaFS TRAINING\Practice-M-S\Final-integration-main\Microservices\g3-gateway-service\src\test\resources
2023-04-02 14:52:56,142 [Worker-11: Building] INFO  o.a.m.s.f.DefaultMavenResourcesFiltering - Copying 2 resources
2023-04-02 14:52:56,177 [Worker-11: Building] INFO  o.a.m.s.f.DefaultMavenResourcesFiltering - Copying 0 resource
2023-04-02 14:52:56,184 [Worker-11: Building] INFO  o.a.m.s.f.DefaultMavenResourcesFiltering - skip non existing resourceDirectory D:\JavaFS TRAINING\Practice-M-S\Final-integration-main\Microservices\g3-patient-health-record-service\src\test\resources
2023-04-02 14:52:56,584 [Worker-11: Building] INFO  o.e.m.c.i.l.LifecycleMappingFactory - Using org.eclipse.m2e.jdt.JarLifecycleMapping lifecycle mapping for MavenProject: com.example:PatientInfoService:0.0.1-SNAPSHOT @ D:\JavaFS TRAINING\Practice-M-S\Final-integration-main\Microservices\g3-patient-info-service\pom.xml.
2023-04-02 14:52:57,188 [Worker-11: Building] WARN  o.e.m.c.i.embedder.EclipseLogger - The artifact mysql:mysql-connector-java:jar:8.0.31 has been relocated to com.mysql:mysql-connector-j:jar:8.0.31: MySQL Connector/J artifacts moved to reverse-DNS compliant Maven 2+ coordinates.
2023-04-02 14:52:57,851 [Worker-11: Building] INFO  o.a.m.s.f.DefaultMavenResourcesFiltering - Copying 2 resources
2023-04-02 14:52:57,891 [Worker-11: Building] INFO  o.a.m.s.f.DefaultMavenResourcesFiltering - Copying 0 resource
2023-04-02 14:52:57,899 [Worker-11: Building] INFO  o.a.m.s.f.DefaultMavenResourcesFiltering - skip non existing resourceDirectory D:\JavaFS TRAINING\Practice-M-S\Final-integration-main\Microservices\g3-patient-info-service\src\test\resources
2023-04-02 14:53:00,457 [Worker-7: Update Maven projects configuration] INFO  o.e.m.c.i.p.ProjectConfigurationManager - Update completed for 1 poms: local refresh takes 0.00 sec, refresh facades takes 14.00 sec, update config takes 26.00 sec 
2023-04-02 14:53:00,467 [Worker-7: Update Maven projects configuration] INFO  o.e.m.c.i.p.ProjectConfigurationManager - Update started
2023-04-02 14:53:02,638 [Worker-7: Update Maven projects configuration] INFO  o.e.m.c.i.l.LifecycleMappingFactory - Using org.eclipse.m2e.jdt.JarLifecycleMapping lifecycle mapping for MavenProject: com.example:PatientInfoService:0.0.1-SNAPSHOT @ D:\JavaFS TRAINING\Practice-M-S\Final-integration-main\Microservices\g3-patient-info-service\pom.xml.
2023-04-02 14:53:03,182 [Worker-7: Update Maven projects configuration] WARN  o.e.m.c.i.embedder.EclipseLogger - The artifact mysql:mysql-connector-java:jar:8.0.31 has been relocated to com.mysql:mysql-connector-j:jar:8.0.31: MySQL Connector/J artifacts moved to reverse-DNS compliant Maven 2+ coordinates.
2023-04-02 14:53:03,299 [Worker-7: Update Maven projects configuration] INFO  o.e.m.c.i.l.LifecycleMappingFactory - Using org.eclipse.m2e.jdt.JarLifecycleMapping lifecycle mapping for MavenProject: com.example:Appointment:0.0.1-SNAPSHOT @ D:\JavaFS TRAINING\Practice-M-S\Final-integration-main\Microservices\g3-appointment-service\pom.xml.
2023-04-02 14:53:03,311 [Worker-7: Update Maven projects configuration] WARN  o.e.m.c.i.embedder.EclipseLogger - The artifact mysql:mysql-connector-java:jar:8.0.31 has been relocated to com.mysql:mysql-connector-j:jar:8.0.31: MySQL Connector/J artifacts moved to reverse-DNS compliant Maven 2+ coordinates.
2023-04-02 14:53:03,438 [Worker-7: Update Maven projects configuration] INFO  o.e.m.c.i.l.LifecycleMappingFactory - Using org.eclipse.m2e.jdt.JarLifecycleMapping lifecycle mapping for MavenProject: com.example:PhysicianAvailability:0.0.1-SNAPSHOT @ D:\JavaFS TRAINING\Practice-M-S\Final-integration-main\Microservices\g3-physician-availability-service\pom.xml.
2023-04-02 14:53:03,463 [Worker-7: Update Maven projects configuration] WARN  o.e.m.c.i.embedder.EclipseLogger - The artifact mysql:mysql-connector-java:jar:8.0.31 has been relocated to com.mysql:mysql-connector-j:jar:8.0.31: MySQL Connector/J artifacts moved to reverse-DNS compliant Maven 2+ coordinates.
2023-04-02 14:53:03,615 [Worker-7: Update Maven projects configuration] INFO  o.e.m.c.i.l.LifecycleMappingFactory - Using org.eclipse.m2e.jdt.JarLifecycleMapping lifecycle mapping for MavenProject: com.example:g3-gateway-service:0.0.1-SNAPSHOT @ D:\JavaFS TRAINING\Practice-M-S\Final-integration-main\Microservices\g3-gateway-service\pom.xml.
2023-04-02 14:53:03,967 [Worker-7: Update Maven projects configuration] INFO  o.e.m.c.i.l.LifecycleMappingFactory - Using org.eclipse.m2e.jdt.JarLifecycleMapping lifecycle mapping for MavenProject: com.example:PatientHealthRecordService:0.0.1-SNAPSHOT @ D:\JavaFS TRAINING\Practice-M-S\Final-integration-main\Microservices\g3-patient-health-record-service\pom.xml.
2023-04-02 14:53:03,984 [Worker-7: Update Maven projects configuration] WARN  o.e.m.c.i.embedder.EclipseLogger - The artifact mysql:mysql-connector-java:jar:8.0.31 has been relocated to com.mysql:mysql-connector-j:jar:8.0.31: MySQL Connector/J artifacts moved to reverse-DNS compliant Maven 2+ coordinates.
2023-04-02 14:53:04,099 [Worker-7: Update Maven projects configuration] INFO  o.e.m.c.i.l.LifecycleMappingFactory - Using org.eclipse.m2e.jdt.JarLifecycleMapping lifecycle mapping for MavenProject: com.example:AuthenticationService:0.0.1-SNAPSHOT @ D:\JavaFS TRAINING\Practice-M-S\Final-integration-main\Microservices\g3-authentication-service\pom.xml.
2023-04-02 14:53:04,114 [Worker-7: Update Maven projects configuration] WARN  o.e.m.c.i.embedder.EclipseLogger - The artifact mysql:mysql-connector-java:jar:8.0.31 has been relocated to com.mysql:mysql-connector-j:jar:8.0.31: MySQL Connector/J artifacts moved to reverse-DNS compliant Maven 2+ coordinates.
2023-04-02 14:53:04,236 [Worker-7: Update Maven projects configuration] INFO  o.e.m.c.i.l.LifecycleMappingFactory - Using org.eclipse.m2e.jdt.JarLifecycleMapping lifecycle mapping for MavenProject: com.example:AllergyService:0.0.1-SNAPSHOT @ D:\JavaFS TRAINING\Practice-M-S\Final-integration-main\Microservices\g3-allergy-service\pom.xml.
2023-04-02 14:53:04,260 [Worker-7: Update Maven projects configuration] WARN  o.e.m.c.i.embedder.EclipseLogger - The artifact mysql:mysql-connector-java:jar:8.0.31 has been relocated to com.mysql:mysql-connector-j:jar:8.0.31: MySQL Connector/J artifacts moved to reverse-DNS compliant Maven 2+ coordinates.
2023-04-02 14:53:08,320 [Worker-7: Update Maven projects configuration] INFO  o.e.m.j.i.AbstractJavaProjectConfigurator - Adding source folder /g3-patient-info-service/src/main/java
2023-04-02 14:53:08,321 [Worker-7: Update Maven projects configuration] INFO  o.e.m.j.i.AbstractJavaProjectConfigurator - Adding resource folder /g3-patient-info-service/src/main/resources
2023-04-02 14:53:08,333 [Worker-7: Update Maven projects configuration] INFO  o.e.m.j.i.AbstractJavaProjectConfigurator - Adding resource folder /g3-patient-info-service/src/main/resources
2023-04-02 14:53:08,349 [Worker-7: Update Maven projects configuration] INFO  o.e.m.j.i.AbstractJavaProjectConfigurator - Adding source folder /g3-patient-info-service/src/test/java
2023-04-02 14:53:11,740 [Worker-12: Building] INFO  o.a.m.s.f.DefaultMavenResourcesFiltering - Copying 0 resource
2023-04-02 14:53:11,741 [Worker-12: Building] INFO  o.a.m.s.f.DefaultMavenResourcesFiltering - Copying 0 resource
2023-04-02 14:53:11,747 [Worker-12: Building] INFO  o.a.m.s.f.DefaultMavenResourcesFiltering - skip non existing resourceDirectory D:\JavaFS TRAINING\Practice-M-S\Final-integration-main\Microservices\g3-physician-availability-service\src\test\resources
2023-04-02 14:53:15,418 [Worker-7: Update Maven projects configuration] INFO  o.e.m.j.i.AbstractJavaProjectConfigurator - Adding source folder /g3-appointment-service/src/main/java
2023-04-02 14:53:15,419 [Worker-7: Update Maven projects configuration] INFO  o.e.m.j.i.AbstractJavaProjectConfigurator - Adding resource folder /g3-appointment-service/src/main/resources
2023-04-02 14:53:15,428 [Worker-7: Update Maven projects configuration] INFO  o.e.m.j.i.AbstractJavaProjectConfigurator - Adding resource folder /g3-appointment-service/src/main/resources
2023-04-02 14:53:15,549 [Worker-7: Update Maven projects configuration] INFO  o.e.m.j.i.AbstractJavaProjectConfigurator - Adding source folder /g3-appointment-service/src/test/java
2023-04-02 14:53:20,819 [Worker-7: Update Maven projects configuration] INFO  o.e.m.j.i.AbstractJavaProjectConfigurator - Adding source folder /g3-physician-availability-service/src/main/java
2023-04-02 14:53:20,820 [Worker-7: Update Maven projects configuration] INFO  o.e.m.j.i.AbstractJavaProjectConfigurator - Adding resource folder /g3-physician-availability-service/src/main/resources
2023-04-02 14:53:20,823 [Worker-7: Update Maven projects configuration] INFO  o.e.m.j.i.AbstractJavaProjectConfigurator - Adding resource folder /g3-physician-availability-service/src/main/resources
2023-04-02 14:53:20,830 [Worker-7: Update Maven projects configuration] INFO  o.e.m.j.i.AbstractJavaProjectConfigurator - Adding source folder /g3-physician-availability-service/src/test/java
2023-04-02 14:53:22,330 [Worker-7: Update Maven projects configuration] INFO  o.e.m.j.i.AbstractJavaProjectConfigurator - Adding source folder /g3-gateway-service/src/main/java
2023-04-02 14:53:22,331 [Worker-7: Update Maven projects configuration] INFO  o.e.m.j.i.AbstractJavaProjectConfigurator - Adding resource folder /g3-gateway-service/src/main/resources
2023-04-02 14:53:22,378 [Worker-7: Update Maven projects configuration] INFO  o.e.m.j.i.AbstractJavaProjectConfigurator - Adding resource folder /g3-gateway-service/src/main/resources
2023-04-02 14:53:22,391 [Worker-7: Update Maven projects configuration] INFO  o.e.m.j.i.AbstractJavaProjectConfigurator - Adding source folder /g3-gateway-service/src/test/java
2023-04-02 14:53:27,997 [Worker-5: Building] INFO  o.a.m.s.f.DefaultMavenResourcesFiltering - Copying 2 resources
2023-04-02 14:53:28,037 [Worker-5: Building] INFO  o.a.m.s.f.DefaultMavenResourcesFiltering - Copying 0 resource
2023-04-02 14:53:28,044 [Worker-5: Building] INFO  o.a.m.s.f.DefaultMavenResourcesFiltering - skip non existing resourceDirectory D:\JavaFS TRAINING\Practice-M-S\Final-integration-main\Microservices\g3-physician-availability-service\src\test\resources
2023-04-02 14:53:29,342 [Worker-7: Update Maven projects configuration] INFO  o.e.m.j.i.AbstractJavaProjectConfigurator - Adding source folder /g3-patient-health-record-service/src/main/java
2023-04-02 14:53:29,343 [Worker-7: Update Maven projects configuration] INFO  o.e.m.j.i.AbstractJavaProjectConfigurator - Adding resource folder /g3-patient-health-record-service/src/main/resources
2023-04-02 14:53:29,359 [Worker-7: Update Maven projects configuration] INFO  o.e.m.j.i.AbstractJavaProjectConfigurator - Adding resource folder /g3-patient-health-record-service/src/main/resources
2023-04-02 14:53:29,371 [Worker-7: Update Maven projects configuration] INFO  o.e.m.j.i.AbstractJavaProjectConfigurator - Adding source folder /g3-patient-health-record-service/src/test/java
2023-04-02 14:53:33,635 [Worker-7: Update Maven projects configuration] INFO  o.e.m.j.i.AbstractJavaProjectConfigurator - Adding source folder /g3-authentication-service/src/main/java
2023-04-02 14:53:33,636 [Worker-7: Update Maven projects configuration] INFO  o.e.m.j.i.AbstractJavaProjectConfigurator - Adding resource folder /g3-authentication-service/src/main/resources
2023-04-02 14:53:33,674 [Worker-7: Update Maven projects configuration] INFO  o.e.m.j.i.AbstractJavaProjectConfigurator - Adding resource folder /g3-authentication-service/src/main/resources
2023-04-02 14:53:33,699 [Worker-7: Update Maven projects configuration] INFO  o.e.m.j.i.AbstractJavaProjectConfigurator - Adding source folder /g3-authentication-service/src/test/java
2023-04-02 14:53:37,478 [Worker-7: Update Maven projects configuration] INFO  o.e.m.j.i.AbstractJavaProjectConfigurator - Adding source folder /g3-allergy-service/src/main/java
2023-04-02 14:53:37,479 [Worker-7: Update Maven projects configuration] INFO  o.e.m.j.i.AbstractJavaProjectConfigurator - Adding resource folder /g3-allergy-service/src/main/resources
2023-04-02 14:53:37,488 [Worker-7: Update Maven projects configuration] INFO  o.e.m.j.i.AbstractJavaProjectConfigurator - Adding resource folder /g3-allergy-service/src/main/resources
2023-04-02 14:53:37,499 [Worker-7: Update Maven projects configuration] INFO  o.e.m.j.i.AbstractJavaProjectConfigurator - Adding source folder /g3-allergy-service/src/test/java
2023-04-02 14:53:40,858 [Worker-7: Update Maven projects configuration] INFO  o.e.m.c.i.p.ProjectConfigurationManager - Update completed for 7 poms: local refresh takes 0.00 sec, refresh facades takes 7.00 sec, update config takes 32.00 sec 
2023-04-02 14:55:06,542 [Worker-5: Building] INFO  o.a.m.s.f.DefaultMavenResourcesFiltering - Copying 1 resource
2023-04-02 14:55:06,651 [Worker-5: Building] INFO  o.a.m.s.f.DefaultMavenResourcesFiltering - Copying 0 resource
2023-04-02 14:55:06,655 [Worker-5: Building] INFO  o.a.m.s.f.DefaultMavenResourcesFiltering - skip non existing resourceDirectory D:\JavaFS TRAINING\Practice-M-S\Final-integration-main\Microservices\g3-physician-availability-service\src\test\resources
2023-04-02 15:02:11,794 [Worker-10: Building] INFO  o.a.m.s.f.DefaultMavenResourcesFiltering - Copying 2 resources
2023-04-02 15:02:12,097 [Worker-10: Building] INFO  o.a.m.s.f.DefaultMavenResourcesFiltering - Copying 0 resource
2023-04-02 15:02:12,101 [Worker-10: Building] INFO  o.a.m.s.f.DefaultMavenResourcesFiltering - skip non existing resourceDirectory D:\JavaFS TRAINING\Practice-M-S\Final-integration-main\Microservices\g3-physician-availability-service\src\test\resources
2023-04-02 15:15:12,575 [Worker-17: Building] INFO  o.e.m.c.i.l.LifecycleMappingFactory - Using org.eclipse.m2e.jdt.JarLifecycleMapping lifecycle mapping for MavenProject: com.capstone.application:g3-auth0-service:0.0.1-SNAPSHOT @ D:\JavaFS TRAINING\Practice-M-S\Final-integration-main\Microservices\g3-auth0-service\pom.xml.
2023-04-02 15:15:15,989 [Worker-17: Building] INFO  o.e.m.c.i.e.AbstractTransferListenerAdapter - Downloading https://repo.maven.apache.org/maven2/org/springframework/boot/spring-boot-starter-web-services/3.0.5/spring-boot-starter-web-services-3.0.5.pom
2023-04-02 15:15:16,416 [Worker-17: Building] INFO  o.e.m.c.i.e.AbstractTransferListenerAdapter - Downloaded https://repo.maven.apache.org/maven2/org/springframework/boot/spring-boot-starter-web-services/3.0.5/spring-boot-starter-web-services-3.0.5.pom
2023-04-02 15:15:16,992 [Worker-17: Building] INFO  o.e.m.c.i.e.AbstractTransferListenerAdapter - Downloading https://repo.maven.apache.org/maven2/org/springframework/spring-oxm/6.0.7/spring-oxm-6.0.7.pom
2023-04-02 15:15:17,225 [Worker-17: Building] INFO  o.e.m.c.i.e.AbstractTransferListenerAdapter - Downloaded https://repo.maven.apache.org/maven2/org/springframework/spring-oxm/6.0.7/spring-oxm-6.0.7.pom
2023-04-02 15:15:17,609 [Worker-17: Building] INFO  o.e.m.c.i.e.AbstractTransferListenerAdapter - Downloading https://repo.maven.apache.org/maven2/org/springframework/boot/spring-boot-devtools/3.0.5/spring-boot-devtools-3.0.5.pom
2023-04-02 15:15:17,946 [Worker-17: Building] INFO  o.e.m.c.i.e.AbstractTransferListenerAdapter - Downloaded https://repo.maven.apache.org/maven2/org/springframework/boot/spring-boot-devtools/3.0.5/spring-boot-devtools-3.0.5.pom
2023-04-02 15:15:19,144 [AetherRepositoryConnector-repo.maven.apache.org-0-0] INFO  o.e.m.c.i.e.AbstractTransferListenerAdapter - Downloading https://repo.maven.apache.org/maven2/org/springframework/boot/spring-boot-starter-web-services/3.0.5/spring-boot-starter-web-services-3.0.5.jar
2023-04-02 15:15:19,275 [AetherRepositoryConnector-repo.maven.apache.org-0-1] INFO  o.e.m.c.i.e.AbstractTransferListenerAdapter - Downloading https://repo.maven.apache.org/maven2/org/springframework/spring-oxm/6.0.7/spring-oxm-6.0.7.jar
2023-04-02 15:15:19,512 [AetherRepositoryConnector-repo.maven.apache.org-0-2] INFO  o.e.m.c.i.e.AbstractTransferListenerAdapter - Downloading https://repo.maven.apache.org/maven2/org/springframework/boot/spring-boot-devtools/3.0.5/spring-boot-devtools-3.0.5.jar
2023-04-02 15:15:19,554 [AetherRepositoryConnector-repo.maven.apache.org-0-0] INFO  o.e.m.c.i.e.AbstractTransferListenerAdapter - Downloaded https://repo.maven.apache.org/maven2/org/springframework/boot/spring-boot-starter-web-services/3.0.5/spring-boot-starter-web-services-3.0.5.jar
2023-04-02 15:15:19,614 [AetherRepositoryConnector-repo.maven.apache.org-0-1] INFO  o.e.m.c.i.e.AbstractTransferListenerAdapter - Downloaded https://repo.maven.apache.org/maven2/org/springframework/spring-oxm/6.0.7/spring-oxm-6.0.7.jar
2023-04-02 15:15:20,100 [AetherRepositoryConnector-repo.maven.apache.org-0-2] INFO  o.e.m.c.i.e.AbstractTransferListenerAdapter - Downloaded https://repo.maven.apache.org/maven2/org/springframework/boot/spring-boot-devtools/3.0.5/spring-boot-devtools-3.0.5.jar
2023-04-02 15:15:21,693 [Worker-17: Building] INFO  o.a.m.s.f.DefaultMavenResourcesFiltering - Copying 1 resource
2023-04-02 15:15:21,809 [Worker-17: Building] INFO  o.a.m.s.f.DefaultMavenResourcesFiltering - Copying 0 resource
2023-04-02 15:15:21,815 [Worker-17: Building] INFO  o.a.m.s.f.DefaultMavenResourcesFiltering - skip non existing resourceDirectory D:\JavaFS TRAINING\Practice-M-S\Final-integration-main\Microservices\g3-auth0-service\src\test\resources
2023-04-02 15:15:23,167 [Worker-16: Updating Maven Dependencies] INFO  o.e.m.c.i.l.LifecycleMappingFactory - Using org.eclipse.m2e.jdt.JarLifecycleMapping lifecycle mapping for MavenProject: com.capstone.application:g3-auth0-service:0.0.1-SNAPSHOT @ D:\JavaFS TRAINING\Practice-M-S\Final-integration-main\Microservices\g3-auth0-service\pom.xml.
2023-04-02 15:15:23,540 [Worker-23: Building] INFO  o.a.m.s.f.DefaultMavenResourcesFiltering - Copying 1 resource
2023-04-02 15:15:23,544 [Worker-23: Building] INFO  o.a.m.s.f.DefaultMavenResourcesFiltering - Copying 0 resource
2023-04-02 15:15:23,551 [Worker-23: Building] INFO  o.a.m.s.f.DefaultMavenResourcesFiltering - skip non existing resourceDirectory D:\JavaFS TRAINING\Practice-M-S\Final-integration-main\Microservices\g3-auth0-service\src\test\resources
2023-04-02 15:15:24,159 [Worker-20: Download sources and javadoc] INFO  o.e.m.c.i.e.AbstractTransferListenerAdapter - Downloading https://repo.maven.apache.org/maven2/org/springframework/boot/spring-boot-starter-web-services/3.0.5/spring-boot-starter-web-services-3.0.5-sources.jar
2023-04-02 15:15:24,581 [Worker-20: Download sources and javadoc] INFO  o.e.m.c.i.e.AbstractTransferListenerAdapter - Downloaded https://repo.maven.apache.org/maven2/org/springframework/boot/spring-boot-starter-web-services/3.0.5/spring-boot-starter-web-services-3.0.5-sources.jar
2023-04-02 15:15:24,588 [Worker-20: Download sources and javadoc] INFO  o.e.m.j.internal.DownloadSourcesJob - Downloaded sources for org.springframework.boot:spring-boot-starter-web-services:3.0.5
2023-04-02 15:15:24,694 [Worker-19: Building] INFO  o.a.m.s.f.DefaultMavenResourcesFiltering - Copying 0 resource
2023-04-02 15:15:24,695 [Worker-19: Building] INFO  o.a.m.s.f.DefaultMavenResourcesFiltering - Copying 0 resource
2023-04-02 15:15:24,703 [Worker-19: Building] INFO  o.a.m.s.f.DefaultMavenResourcesFiltering - skip non existing resourceDirectory D:\JavaFS TRAINING\Practice-M-S\Final-integration-main\Microservices\g3-auth0-service\src\test\resources
2023-04-02 15:15:25,399 [Worker-20: Download sources and javadoc] INFO  o.e.m.c.i.e.AbstractTransferListenerAdapter - Downloading https://repo.maven.apache.org/maven2/org/springframework/spring-oxm/6.0.7/spring-oxm-6.0.7-sources.jar
2023-04-02 15:15:26,444 [Worker-20: Download sources and javadoc] INFO  o.e.m.c.i.e.AbstractTransferListenerAdapter - Downloaded https://repo.maven.apache.org/maven2/org/springframework/spring-oxm/6.0.7/spring-oxm-6.0.7-sources.jar
2023-04-02 15:15:26,457 [Worker-20: Download sources and javadoc] INFO  o.e.m.j.internal.DownloadSourcesJob - Downloaded sources for org.springframework:spring-oxm:6.0.7
2023-04-02 15:15:27,237 [Worker-20: Download sources and javadoc] INFO  o.e.m.c.i.e.AbstractTransferListenerAdapter - Downloading https://repo.maven.apache.org/maven2/org/springframework/boot/spring-boot-devtools/3.0.5/spring-boot-devtools-3.0.5-sources.jar
2023-04-02 15:15:27,684 [Worker-20: Download sources and javadoc] INFO  o.e.m.c.i.e.AbstractTransferListenerAdapter - Downloaded https://repo.maven.apache.org/maven2/org/springframework/boot/spring-boot-devtools/3.0.5/spring-boot-devtools-3.0.5-sources.jar
2023-04-02 15:15:27,698 [Worker-20: Download sources and javadoc] INFO  o.e.m.j.internal.DownloadSourcesJob - Downloaded sources for org.springframework.boot:spring-boot-devtools:3.0.5
2023-04-02 15:15:28,600 [Worker-24: Building] INFO  o.a.m.s.f.DefaultMavenResourcesFiltering - Copying 0 resource
2023-04-02 15:15:28,601 [Worker-24: Building] INFO  o.a.m.s.f.DefaultMavenResourcesFiltering - Copying 0 resource
2023-04-02 15:15:28,610 [Worker-24: Building] INFO  o.a.m.s.f.DefaultMavenResourcesFiltering - skip non existing resourceDirectory D:\JavaFS TRAINING\Practice-M-S\Final-integration-main\Microservices\g3-auth0-service\src\test\resources
2023-04-02 15:25:24,013 [Worker-27: Building] INFO  o.a.m.s.f.DefaultMavenResourcesFiltering - Copying 1 resource
2023-04-02 15:25:24,135 [Worker-27: Building] INFO  o.a.m.s.f.DefaultMavenResourcesFiltering - Copying 0 resource
2023-04-02 15:25:24,140 [Worker-27: Building] INFO  o.a.m.s.f.DefaultMavenResourcesFiltering - skip non existing resourceDirectory D:\JavaFS TRAINING\Practice-M-S\Final-integration-main\Microservices\g3-auth0-service\src\test\resources
2023-04-02 15:25:50,992 [Worker-29: Building] INFO  o.a.m.s.f.DefaultMavenResourcesFiltering - Copying 1 resource
2023-04-02 15:25:51,080 [Worker-29: Building] INFO  o.a.m.s.f.DefaultMavenResourcesFiltering - Copying 0 resource
2023-04-02 15:25:51,085 [Worker-29: Building] INFO  o.a.m.s.f.DefaultMavenResourcesFiltering - skip non existing resourceDirectory D:\JavaFS TRAINING\Practice-M-S\Final-integration-main\Microservices\g3-auth0-service\src\test\resources
2023-04-02 15:27:10,226 [Worker-24: Building] INFO  o.a.m.s.f.DefaultMavenResourcesFiltering - Copying 1 resource
2023-04-02 15:27:10,233 [Worker-24: Building] INFO  o.a.m.s.f.DefaultMavenResourcesFiltering - Copying 0 resource
2023-04-02 15:27:10,290 [Worker-24: Building] INFO  o.a.m.s.f.DefaultMavenResourcesFiltering - skip non existing resourceDirectory D:\JavaFS TRAINING\Practice-M-S\Final-integration-main\Microservices\g3-auth0-service\src\test\resources
2023-04-02 15:36:13,373 [Worker-29: Building] INFO  o.a.m.s.f.DefaultMavenResourcesFiltering - Copying 1 resource
2023-04-02 15:36:13,399 [Worker-29: Building] INFO  o.a.m.s.f.DefaultMavenResourcesFiltering - Copying 0 resource
2023-04-02 15:36:13,408 [Worker-29: Building] INFO  o.a.m.s.f.DefaultMavenResourcesFiltering - skip non existing resourceDirectory D:\JavaFS TRAINING\Practice-M-S\Final-integration-main\Microservices\g3-auth0-service\src\test\resources
2023-04-02 15:38:19,341 [Worker-37: Building] INFO  o.a.m.s.f.DefaultMavenResourcesFiltering - Copying 1 resource
2023-04-02 15:38:19,705 [Worker-37: Building] INFO  o.a.m.s.f.DefaultMavenResourcesFiltering - Copying 0 resource
2023-04-02 15:38:19,714 [Worker-37: Building] INFO  o.a.m.s.f.DefaultMavenResourcesFiltering - skip non existing resourceDirectory D:\JavaFS TRAINING\Practice-M-S\Final-integration-main\Microservices\g3-auth0-service\src\test\resources
2023-04-02 15:40:18,978 [Worker-36: Building] INFO  o.e.m.c.i.l.LifecycleMappingFactory - Using org.eclipse.m2e.jdt.JarLifecycleMapping lifecycle mapping for MavenProject: com.capstone.application:g3-auth0-service:0.0.1-SNAPSHOT @ D:\JavaFS TRAINING\Practice-M-S\Final-integration-main\Microservices\g3-auth0-service\pom.xml.
2023-04-02 15:40:20,093 [Worker-36: Building] INFO  o.a.m.s.f.DefaultMavenResourcesFiltering - Copying 0 resource
2023-04-02 15:40:20,093 [Worker-36: Building] INFO  o.a.m.s.f.DefaultMavenResourcesFiltering - Copying 0 resource
2023-04-02 15:40:20,101 [Worker-36: Building] INFO  o.a.m.s.f.DefaultMavenResourcesFiltering - skip non existing resourceDirectory D:\JavaFS TRAINING\Practice-M-S\Final-integration-main\Microservices\g3-auth0-service\src\test\resources
2023-04-02 15:41:40,420 [Worker-34: Updating Maven Project] INFO  o.e.m.c.i.p.ProjectConfigurationManager - Update started
2023-04-02 15:41:41,163 [Worker-34: Updating Maven Project] INFO  o.e.m.c.i.l.LifecycleMappingFactory - Using org.eclipse.m2e.jdt.JarLifecycleMapping lifecycle mapping for MavenProject: com.capstone.application:g3-auth0-service:0.0.1-SNAPSHOT @ D:\JavaFS TRAINING\Practice-M-S\Final-integration-main\Microservices\g3-auth0-service\pom.xml.
2023-04-02 15:41:42,150 [Worker-34: Updating Maven Project] INFO  o.e.m.j.i.AbstractJavaProjectConfigurator - Adding source folder /g3-auth0-service/src/main/java
2023-04-02 15:41:42,151 [Worker-34: Updating Maven Project] INFO  o.e.m.j.i.AbstractJavaProjectConfigurator - Adding resource folder /g3-auth0-service/src/main/resources
2023-04-02 15:41:42,169 [Worker-34: Updating Maven Project] INFO  o.e.m.j.i.AbstractJavaProjectConfigurator - Adding resource folder /g3-auth0-service/src/main/resources
2023-04-02 15:41:42,182 [Worker-34: Updating Maven Project] INFO  o.e.m.j.i.AbstractJavaProjectConfigurator - Adding source folder /g3-auth0-service/src/test/java
2023-04-02 15:41:43,040 [Worker-34: Updating Maven Project] INFO  o.e.m.c.i.p.ProjectConfigurationManager - Update completed for 1 poms: local refresh takes 0.00 sec, refresh facades takes 1.00 sec, update config takes 0.00 sec 
2023-04-02 15:52:42,015 [Worker-44: Launching Executing clean in D__JavaFS TRAINING_Practice-M-S_Final-integration-main_Microservices_g3-auth0-service] INFO  o.eclipse.m2e.core.internal.Bundles - getClasspathEntries(Bundle=org.eclipse.m2e.maven.runtime_3.8.604.20221130-2149 [345])
2023-04-02 15:52:42,160 [Worker-44: Launching Executing clean in D__JavaFS TRAINING_Practice-M-S_Final-integration-main_Microservices_g3-auth0-service] INFO  o.eclipse.m2e.core.internal.Bundles - 	Entry: C:\Users\SANGEETHA\Downloads\sts-4.17.2.RELEASE\plugins\org.eclipse.m2e.maven.runtime_3.8.604.20221130-2149
2023-04-02 15:52:42,162 [Worker-44: Launching Executing clean in D__JavaFS TRAINING_Practice-M-S_Final-integration-main_Microservices_g3-auth0-service] INFO  o.eclipse.m2e.core.internal.Bundles - 	Entry: C:\Users\SANGEETHA\Downloads\sts-4.17.2.RELEASE\plugins\org.eclipse.m2e.maven.runtime_3.8.604.20221130-2149\jars\aether-connector-okhttp-0.17.8.jar
2023-04-02 15:52:42,163 [Worker-44: Launching Executing clean in D__JavaFS TRAINING_Practice-M-S_Final-integration-main_Microservices_g3-auth0-service] INFO  o.eclipse.m2e.core.internal.Bundles - 	Entry: C:\Users\SANGEETHA\Downloads\sts-4.17.2.RELEASE\plugins\org.eclipse.m2e.maven.runtime_3.8.604.20221130-2149\jars\commons-cli-1.4.jar
2023-04-02 15:52:42,164 [Worker-44: Launching Executing clean in D__JavaFS TRAINING_Practice-M-S_Final-integration-main_Microservices_g3-auth0-service] INFO  o.eclipse.m2e.core.internal.Bundles - 	Entry: C:\Users\SANGEETHA\Downloads\sts-4.17.2.RELEASE\plugins\org.eclipse.m2e.maven.runtime_3.8.604.20221130-2149\jars\commons-io-2.6.jar
2023-04-02 15:52:42,165 [Worker-44: Launching Executing clean in D__JavaFS TRAINING_Practice-M-S_Final-integration-main_Microservices_g3-auth0-service] INFO  o.eclipse.m2e.core.internal.Bundles - 	Entry: C:\Users\SANGEETHA\Downloads\sts-4.17.2.RELEASE\plugins\org.eclipse.m2e.maven.runtime_3.8.604.20221130-2149\jars\commons-lang3-3.8.1.jar
2023-04-02 15:52:42,165 [Worker-44: Launching Executing clean in D__JavaFS TRAINING_Practice-M-S_Final-integration-main_Microservices_g3-auth0-service] INFO  o.eclipse.m2e.core.internal.Bundles - 	Entry: C:\Users\SANGEETHA\Downloads\sts-4.17.2.RELEASE\plugins\org.eclipse.m2e.maven.runtime_3.8.604.20221130-2149\jars\guice-4.2.2-no_aop.jar
2023-04-02 15:52:42,166 [Worker-44: Launching Executing clean in D__JavaFS TRAINING_Practice-M-S_Final-integration-main_Microservices_g3-auth0-service] INFO  o.eclipse.m2e.core.internal.Bundles - 	Entry: C:\Users\SANGEETHA\Downloads\sts-4.17.2.RELEASE\plugins\org.eclipse.m2e.maven.runtime_3.8.604.20221130-2149\jars\jansi-2.4.0.jar
2023-04-02 15:52:42,167 [Worker-44: Launching Executing clean in D__JavaFS TRAINING_Practice-M-S_Final-integration-main_Microservices_g3-auth0-service] INFO  o.eclipse.m2e.core.internal.Bundles - 	Entry: C:\Users\SANGEETHA\Downloads\sts-4.17.2.RELEASE\plugins\org.eclipse.m2e.maven.runtime_3.8.604.20221130-2149\jars\maven-artifact-3.8.6.jar
2023-04-02 15:52:42,167 [Worker-44: Launching Executing clean in D__JavaFS TRAINING_Practice-M-S_Final-integration-main_Microservices_g3-auth0-service] INFO  o.eclipse.m2e.core.internal.Bundles - 	Entry: C:\Users\SANGEETHA\Downloads\sts-4.17.2.RELEASE\plugins\org.eclipse.m2e.maven.runtime_3.8.604.20221130-2149\jars\maven-builder-support-3.8.6.jar
2023-04-02 15:52:42,169 [Worker-44: Launching Executing clean in D__JavaFS TRAINING_Practice-M-S_Final-integration-main_Microservices_g3-auth0-service] INFO  o.eclipse.m2e.core.internal.Bundles - 	Entry: C:\Users\SANGEETHA\Downloads\sts-4.17.2.RELEASE\plugins\org.eclipse.m2e.maven.runtime_3.8.604.20221130-2149\jars\maven-compat-3.8.6.jar
2023-04-02 15:52:42,170 [Worker-44: Launching Executing clean in D__JavaFS TRAINING_Practice-M-S_Final-integration-main_Microservices_g3-auth0-service] INFO  o.eclipse.m2e.core.internal.Bundles - 	Entry: C:\Users\SANGEETHA\Downloads\sts-4.17.2.RELEASE\plugins\org.eclipse.m2e.maven.runtime_3.8.604.20221130-2149\jars\maven-core-3.8.6.jar
2023-04-02 15:52:42,170 [Worker-44: Launching Executing clean in D__JavaFS TRAINING_Practice-M-S_Final-integration-main_Microservices_g3-auth0-service] INFO  o.eclipse.m2e.core.internal.Bundles - 	Entry: C:\Users\SANGEETHA\Downloads\sts-4.17.2.RELEASE\plugins\org.eclipse.m2e.maven.runtime_3.8.604.20221130-2149\jars\maven-embedder-3.8.6.jar
2023-04-02 15:52:42,171 [Worker-44: Launching Executing clean in D__JavaFS TRAINING_Practice-M-S_Final-integration-main_Microservices_g3-auth0-service] INFO  o.eclipse.m2e.core.internal.Bundles - 	Entry: C:\Users\SANGEETHA\Downloads\sts-4.17.2.RELEASE\plugins\org.eclipse.m2e.maven.runtime_3.8.604.20221130-2149\jars\maven-model-3.8.6.jar
2023-04-02 15:52:42,172 [Worker-44: Launching Executing clean in D__JavaFS TRAINING_Practice-M-S_Final-integration-main_Microservices_g3-auth0-service] INFO  o.eclipse.m2e.core.internal.Bundles - 	Entry: C:\Users\SANGEETHA\Downloads\sts-4.17.2.RELEASE\plugins\org.eclipse.m2e.maven.runtime_3.8.604.20221130-2149\jars\maven-model-builder-3.8.6.jar
2023-04-02 15:52:42,173 [Worker-44: Launching Executing clean in D__JavaFS TRAINING_Practice-M-S_Final-integration-main_Microservices_g3-auth0-service] INFO  o.eclipse.m2e.core.internal.Bundles - 	Entry: C:\Users\SANGEETHA\Downloads\sts-4.17.2.RELEASE\plugins\org.eclipse.m2e.maven.runtime_3.8.604.20221130-2149\jars\maven-plugin-api-3.8.6.jar
2023-04-02 15:52:42,174 [Worker-44: Launching Executing clean in D__JavaFS TRAINING_Practice-M-S_Final-integration-main_Microservices_g3-auth0-service] INFO  o.eclipse.m2e.core.internal.Bundles - 	Entry: C:\Users\SANGEETHA\Downloads\sts-4.17.2.RELEASE\plugins\org.eclipse.m2e.maven.runtime_3.8.604.20221130-2149\jars\maven-repository-metadata-3.8.6.jar
2023-04-02 15:52:42,175 [Worker-44: Launching Executing clean in D__JavaFS TRAINING_Practice-M-S_Final-integration-main_Microservices_g3-auth0-service] INFO  o.eclipse.m2e.core.internal.Bundles - 	Entry: C:\Users\SANGEETHA\Downloads\sts-4.17.2.RELEASE\plugins\org.eclipse.m2e.maven.runtime_3.8.604.20221130-2149\jars\maven-resolver-api-1.6.3.jar
2023-04-02 15:52:42,176 [Worker-44: Launching Executing clean in D__JavaFS TRAINING_Practice-M-S_Final-integration-main_Microservices_g3-auth0-service] INFO  o.eclipse.m2e.core.internal.Bundles - 	Entry: C:\Users\SANGEETHA\Downloads\sts-4.17.2.RELEASE\plugins\org.eclipse.m2e.maven.runtime_3.8.604.20221130-2149\jars\maven-resolver-connector-basic-1.6.3.jar
2023-04-02 15:52:42,177 [Worker-44: Launching Executing clean in D__JavaFS TRAINING_Practice-M-S_Final-integration-main_Microservices_g3-auth0-service] INFO  o.eclipse.m2e.core.internal.Bundles - 	Entry: C:\Users\SANGEETHA\Downloads\sts-4.17.2.RELEASE\plugins\org.eclipse.m2e.maven.runtime_3.8.604.20221130-2149\jars\maven-resolver-impl-1.6.3.jar
2023-04-02 15:52:42,178 [Worker-44: Launching Executing clean in D__JavaFS TRAINING_Practice-M-S_Final-integration-main_Microservices_g3-auth0-service] INFO  o.eclipse.m2e.core.internal.Bundles - 	Entry: C:\Users\SANGEETHA\Downloads\sts-4.17.2.RELEASE\plugins\org.eclipse.m2e.maven.runtime_3.8.604.20221130-2149\jars\maven-resolver-provider-3.8.6.jar
2023-04-02 15:52:42,179 [Worker-44: Launching Executing clean in D__JavaFS TRAINING_Practice-M-S_Final-integration-main_Microservices_g3-auth0-service] INFO  o.eclipse.m2e.core.internal.Bundles - 	Entry: C:\Users\SANGEETHA\Downloads\sts-4.17.2.RELEASE\plugins\org.eclipse.m2e.maven.runtime_3.8.604.20221130-2149\jars\maven-resolver-spi-1.6.3.jar
2023-04-02 15:52:42,179 [Worker-44: Launching Executing clean in D__JavaFS TRAINING_Practice-M-S_Final-integration-main_Microservices_g3-auth0-service] INFO  o.eclipse.m2e.core.internal.Bundles - 	Entry: C:\Users\SANGEETHA\Downloads\sts-4.17.2.RELEASE\plugins\org.eclipse.m2e.maven.runtime_3.8.604.20221130-2149\jars\maven-resolver-transport-wagon-1.6.3.jar
2023-04-02 15:52:42,181 [Worker-44: Launching Executing clean in D__JavaFS TRAINING_Practice-M-S_Final-integration-main_Microservices_g3-auth0-service] INFO  o.eclipse.m2e.core.internal.Bundles - 	Entry: C:\Users\SANGEETHA\Downloads\sts-4.17.2.RELEASE\plugins\org.eclipse.m2e.maven.runtime_3.8.604.20221130-2149\jars\maven-resolver-util-1.6.3.jar
2023-04-02 15:52:42,181 [Worker-44: Launching Executing clean in D__JavaFS TRAINING_Practice-M-S_Final-integration-main_Microservices_g3-auth0-service] INFO  o.eclipse.m2e.core.internal.Bundles - 	Entry: C:\Users\SANGEETHA\Downloads\sts-4.17.2.RELEASE\plugins\org.eclipse.m2e.maven.runtime_3.8.604.20221130-2149\jars\maven-settings-3.8.6.jar
2023-04-02 15:52:42,182 [Worker-44: Launching Executing clean in D__JavaFS TRAINING_Practice-M-S_Final-integration-main_Microservices_g3-auth0-service] INFO  o.eclipse.m2e.core.internal.Bundles - 	Entry: C:\Users\SANGEETHA\Downloads\sts-4.17.2.RELEASE\plugins\org.eclipse.m2e.maven.runtime_3.8.604.20221130-2149\jars\maven-settings-builder-3.8.6.jar
2023-04-02 15:52:42,184 [Worker-44: Launching Executing clean in D__JavaFS TRAINING_Practice-M-S_Final-integration-main_Microservices_g3-auth0-service] INFO  o.eclipse.m2e.core.internal.Bundles - 	Entry: C:\Users\SANGEETHA\Downloads\sts-4.17.2.RELEASE\plugins\org.eclipse.m2e.maven.runtime_3.8.604.20221130-2149\jars\maven-shared-utils-3.3.4.jar
2023-04-02 15:52:42,184 [Worker-44: Launching Executing clean in D__JavaFS TRAINING_Practice-M-S_Final-integration-main_Microservices_g3-auth0-service] INFO  o.eclipse.m2e.core.internal.Bundles - 	Entry: C:\Users\SANGEETHA\Downloads\sts-4.17.2.RELEASE\plugins\org.eclipse.m2e.maven.runtime_3.8.604.20221130-2149\jars\okhttp-3.14.1.jar
2023-04-02 15:52:42,185 [Worker-44: Launching Executing clean in D__JavaFS TRAINING_Practice-M-S_Final-integration-main_Microservices_g3-auth0-service] INFO  o.eclipse.m2e.core.internal.Bundles - 	Entry: C:\Users\SANGEETHA\Downloads\sts-4.17.2.RELEASE\plugins\org.eclipse.m2e.maven.runtime_3.8.604.20221130-2149\jars\okio-1.17.3.jar
2023-04-02 15:52:42,187 [Worker-44: Launching Executing clean in D__JavaFS TRAINING_Practice-M-S_Final-integration-main_Microservices_g3-auth0-service] INFO  o.eclipse.m2e.core.internal.Bundles - 	Entry: C:\Users\SANGEETHA\Downloads\sts-4.17.2.RELEASE\plugins\org.eclipse.m2e.maven.runtime_3.8.604.20221130-2149\jars\org.eclipse.sisu.inject-0.3.5.jar
2023-04-02 15:52:42,188 [Worker-44: Launching Executing clean in D__JavaFS TRAINING_Practice-M-S_Final-integration-main_Microservices_g3-auth0-service] INFO  o.eclipse.m2e.core.internal.Bundles - 	Entry: C:\Users\SANGEETHA\Downloads\sts-4.17.2.RELEASE\plugins\org.eclipse.m2e.maven.runtime_3.8.604.20221130-2149\jars\org.eclipse.sisu.plexus-0.3.5.jar
2023-04-02 15:52:42,189 [Worker-44: Launching Executing clean in D__JavaFS TRAINING_Practice-M-S_Final-integration-main_Microservices_g3-auth0-service] INFO  o.eclipse.m2e.core.internal.Bundles - 	Entry: C:\Users\SANGEETHA\Downloads\sts-4.17.2.RELEASE\plugins\org.eclipse.m2e.maven.runtime_3.8.604.20221130-2149\jars\plexus-build-api-0.0.7.jar
2023-04-02 15:52:42,190 [Worker-44: Launching Executing clean in D__JavaFS TRAINING_Practice-M-S_Final-integration-main_Microservices_g3-auth0-service] INFO  o.eclipse.m2e.core.internal.Bundles - 	Entry: C:\Users\SANGEETHA\Downloads\sts-4.17.2.RELEASE\plugins\org.eclipse.m2e.maven.runtime_3.8.604.20221130-2149\jars\plexus-cipher-2.0.jar
2023-04-02 15:52:42,191 [Worker-44: Launching Executing clean in D__JavaFS TRAINING_Practice-M-S_Final-integration-main_Microservices_g3-auth0-service] INFO  o.eclipse.m2e.core.internal.Bundles - 	Entry: C:\Users\SANGEETHA\Downloads\sts-4.17.2.RELEASE\plugins\org.eclipse.m2e.maven.runtime_3.8.604.20221130-2149\jars\plexus-classworlds-2.6.0.jar
2023-04-02 15:52:42,193 [Worker-44: Launching Executing clean in D__JavaFS TRAINING_Practice-M-S_Final-integration-main_Microservices_g3-auth0-service] INFO  o.eclipse.m2e.core.internal.Bundles - 	Entry: C:\Users\SANGEETHA\Downloads\sts-4.17.2.RELEASE\plugins\org.eclipse.m2e.maven.runtime_3.8.604.20221130-2149\jars\plexus-component-annotations-2.1.0.jar
2023-04-02 15:52:42,195 [Worker-44: Launching Executing clean in D__JavaFS TRAINING_Practice-M-S_Final-integration-main_Microservices_g3-auth0-service] INFO  o.eclipse.m2e.core.internal.Bundles - 	Entry: C:\Users\SANGEETHA\Downloads\sts-4.17.2.RELEASE\plugins\org.eclipse.m2e.maven.runtime_3.8.604.20221130-2149\jars\plexus-interpolation-1.26.jar
2023-04-02 15:52:42,195 [Worker-44: Launching Executing clean in D__JavaFS TRAINING_Practice-M-S_Final-integration-main_Microservices_g3-auth0-service] INFO  o.eclipse.m2e.core.internal.Bundles - 	Entry: C:\Users\SANGEETHA\Downloads\sts-4.17.2.RELEASE\plugins\org.eclipse.m2e.maven.runtime_3.8.604.20221130-2149\jars\plexus-sec-dispatcher-2.0.jar
2023-04-02 15:52:42,196 [Worker-44: Launching Executing clean in D__JavaFS TRAINING_Practice-M-S_Final-integration-main_Microservices_g3-auth0-service] INFO  o.eclipse.m2e.core.internal.Bundles - 	Entry: C:\Users\SANGEETHA\Downloads\sts-4.17.2.RELEASE\plugins\org.eclipse.m2e.maven.runtime_3.8.604.20221130-2149\jars\plexus-utils-3.3.1.jar
2023-04-02 15:52:42,197 [Worker-44: Launching Executing clean in D__JavaFS TRAINING_Practice-M-S_Final-integration-main_Microservices_g3-auth0-service] INFO  o.eclipse.m2e.core.internal.Bundles - 	Entry: C:\Users\SANGEETHA\Downloads\sts-4.17.2.RELEASE\plugins\org.eclipse.m2e.maven.runtime_3.8.604.20221130-2149\jars\wagon-file-3.5.1.jar
2023-04-02 15:52:42,197 [Worker-44: Launching Executing clean in D__JavaFS TRAINING_Practice-M-S_Final-integration-main_Microservices_g3-auth0-service] INFO  o.eclipse.m2e.core.internal.Bundles - 	Entry: C:\Users\SANGEETHA\Downloads\sts-4.17.2.RELEASE\plugins\org.eclipse.m2e.maven.runtime_3.8.604.20221130-2149\jars\wagon-provider-api-3.5.1.jar
2023-04-02 15:52:42,201 [Worker-44: Launching Executing clean in D__JavaFS TRAINING_Practice-M-S_Final-integration-main_Microservices_g3-auth0-service] INFO  o.eclipse.m2e.core.internal.Bundles - getClasspathEntries(Bundle=com.google.guava_30.1.0.v20221112-0806 [22])
2023-04-02 15:52:42,207 [Worker-44: Launching Executing clean in D__JavaFS TRAINING_Practice-M-S_Final-integration-main_Microservices_g3-auth0-service] INFO  o.eclipse.m2e.core.internal.Bundles - 	Entry: C:\Users\SANGEETHA\Downloads\sts-4.17.2.RELEASE\plugins\com.google.guava_30.1.0.v20221112-0806.jar
2023-04-02 15:52:42,208 [Worker-44: Launching Executing clean in D__JavaFS TRAINING_Practice-M-S_Final-integration-main_Microservices_g3-auth0-service] INFO  o.eclipse.m2e.core.internal.Bundles - getClasspathEntries(Bundle=slf4j.api_1.7.36 [584])
2023-04-02 15:52:42,213 [Worker-44: Launching Executing clean in D__JavaFS TRAINING_Practice-M-S_Final-integration-main_Microservices_g3-auth0-service] INFO  o.eclipse.m2e.core.internal.Bundles - 	Entry: C:\Users\SANGEETHA\Downloads\sts-4.17.2.RELEASE\plugins\slf4j.api_1.7.36.jar
2023-04-02 15:52:42,213 [Worker-44: Launching Executing clean in D__JavaFS TRAINING_Practice-M-S_Final-integration-main_Microservices_g3-auth0-service] INFO  o.eclipse.m2e.core.internal.Bundles - getClasspathEntries(Bundle=javax.inject_1.0.0.v20220405-0441 [49])
2023-04-02 15:52:42,218 [Worker-44: Launching Executing clean in D__JavaFS TRAINING_Practice-M-S_Final-integration-main_Microservices_g3-auth0-service] INFO  o.eclipse.m2e.core.internal.Bundles - 	Entry: C:\Users\SANGEETHA\Downloads\sts-4.17.2.RELEASE\plugins\javax.inject_1.0.0.v20220405-0441.jar
2023-04-02 15:52:42,218 [Worker-44: Launching Executing clean in D__JavaFS TRAINING_Practice-M-S_Final-integration-main_Microservices_g3-auth0-service] INFO  o.eclipse.m2e.core.internal.Bundles - getClasspathEntries(Bundle=javax.annotation_1.3.5.v20221112-0806 [47])
2023-04-02 15:52:42,224 [Worker-44: Launching Executing clean in D__JavaFS TRAINING_Practice-M-S_Final-integration-main_Microservices_g3-auth0-service] INFO  o.eclipse.m2e.core.internal.Bundles - 	Entry: C:\Users\SANGEETHA\Downloads\sts-4.17.2.RELEASE\plugins\javax.annotation_1.3.5.v20221112-0806.jar
2023-04-02 15:52:42,248 [Worker-44: Launching Executing clean in D__JavaFS TRAINING_Practice-M-S_Final-integration-main_Microservices_g3-auth0-service] INFO  o.e.m.i.launch.MavenLaunchDelegate - Run build in "D:\JavaFS TRAINING\Practice-M-S\Final-integration-main\Microservices\g3-auth0-service":
2023-04-02 15:52:42,250 [Worker-44: Launching Executing clean in D__JavaFS TRAINING_Practice-M-S_Final-integration-main_Microservices_g3-auth0-service] INFO  o.e.m.i.launch.MavenLaunchDelegate -  mvn  -B -Dstyle.color=always clean
2023-04-02 15:53:07,210 [main] INFO  o.e.m2e.actions.ExecutePomAction - Creating new launch configuration
2023-04-02 15:53:25,022 [Worker-55: Launching g3-auth0-service] INFO  o.e.m.i.launch.MavenLaunchDelegate - Run build in "D:\JavaFS TRAINING\Practice-M-S\Final-integration-main\Microservices\g3-auth0-service":
2023-04-02 15:53:25,023 [Worker-55: Launching g3-auth0-service] INFO  o.e.m.i.launch.MavenLaunchDelegate -  mvn  -B -Dstyle.color=always clean install spring-boot:run
2023-04-02 15:58:07,810 [Worker-52: Building] INFO  o.e.m.c.i.l.LifecycleMappingFactory - Using org.eclipse.m2e.jdt.JarLifecycleMapping lifecycle mapping for MavenProject: com.capstone.application:g3-auth0-service:0.0.1-SNAPSHOT @ D:\JavaFS TRAINING\Practice-M-S\Final-integration-main\Microservices\g3-auth0-service\pom.xml.
2023-04-02 15:58:08,887 [Worker-52: Building] WARN  o.e.m.c.i.embedder.EclipseLogger - The artifact mysql:mysql-connector-java:jar:8.0.31 has been relocated to com.mysql:mysql-connector-j:jar:8.0.31: MySQL Connector/J artifacts moved to reverse-DNS compliant Maven 2+ coordinates.
2023-04-02 15:58:10,590 [Worker-52: Building] INFO  o.e.m.c.i.e.AbstractTransferListenerAdapter - Downloading https://repo.maven.apache.org/maven2/io/projectreactor/reactor-core/3.5.4/reactor-core-3.5.4.jar
2023-04-02 15:58:13,711 [Worker-52: Building] INFO  o.e.m.c.i.e.AbstractTransferListenerAdapter - Downloaded https://repo.maven.apache.org/maven2/io/projectreactor/reactor-core/3.5.4/reactor-core-3.5.4.jar
2023-04-02 15:58:15,000 [Worker-52: Building] INFO  o.a.m.s.f.DefaultMavenResourcesFiltering - Copying 0 resource
2023-04-02 15:58:15,001 [Worker-52: Building] INFO  o.a.m.s.f.DefaultMavenResourcesFiltering - Copying 0 resource
2023-04-02 15:58:15,006 [Worker-52: Building] INFO  o.a.m.s.f.DefaultMavenResourcesFiltering - skip non existing resourceDirectory D:\JavaFS TRAINING\Practice-M-S\Final-integration-main\Microservices\g3-auth0-service\src\test\resources
2023-04-02 15:58:16,126 [Worker-54: Download sources and javadoc] INFO  o.e.m.c.i.e.AbstractTransferListenerAdapter - Downloading https://repo.maven.apache.org/maven2/org/springframework/boot/spring-boot-starter-log4j2/3.0.5/spring-boot-starter-log4j2-3.0.5-sources.jar
2023-04-02 15:58:16,544 [Worker-54: Download sources and javadoc] INFO  o.e.m.c.i.e.AbstractTransferListenerAdapter - Downloaded https://repo.maven.apache.org/maven2/org/springframework/boot/spring-boot-starter-log4j2/3.0.5/spring-boot-starter-log4j2-3.0.5-sources.jar
2023-04-02 15:58:16,556 [Worker-54: Download sources and javadoc] INFO  o.e.m.j.internal.DownloadSourcesJob - Downloaded sources for org.springframework.boot:spring-boot-starter-log4j2:3.0.5
2023-04-02 15:58:17,224 [Worker-54: Download sources and javadoc] INFO  o.e.m.c.i.e.AbstractTransferListenerAdapter - Downloading https://repo.maven.apache.org/maven2/org/springframework/boot/spring-boot-starter-actuator/3.0.5/spring-boot-starter-actuator-3.0.5-sources.jar
2023-04-02 15:58:17,574 [Worker-54: Download sources and javadoc] INFO  o.e.m.c.i.e.AbstractTransferListenerAdapter - Downloaded https://repo.maven.apache.org/maven2/org/springframework/boot/spring-boot-starter-actuator/3.0.5/spring-boot-starter-actuator-3.0.5-sources.jar
2023-04-02 15:58:17,593 [Worker-54: Download sources and javadoc] INFO  o.e.m.j.internal.DownloadSourcesJob - Downloaded sources for org.springframework.boot:spring-boot-starter-actuator:3.0.5
2023-04-02 15:58:17,782 [Worker-53: Building] INFO  o.a.m.s.f.DefaultMavenResourcesFiltering - Copying 1 resource
2023-04-02 15:58:17,810 [Worker-53: Building] INFO  o.a.m.s.f.DefaultMavenResourcesFiltering - Copying 0 resource
2023-04-02 15:58:17,815 [Worker-53: Building] INFO  o.a.m.s.f.DefaultMavenResourcesFiltering - skip non existing resourceDirectory D:\JavaFS TRAINING\Practice-M-S\Final-integration-main\Microservices\g3-auth0-service\src\test\resources
2023-04-02 15:58:18,377 [Worker-54: Download sources and javadoc] INFO  o.e.m.c.i.e.AbstractTransferListenerAdapter - Downloading https://repo.maven.apache.org/maven2/org/springframework/boot/spring-boot-actuator-autoconfigure/3.0.5/spring-boot-actuator-autoconfigure-3.0.5-sources.jar
2023-04-02 15:58:19,309 [Worker-54: Download sources and javadoc] INFO  o.e.m.c.i.e.AbstractTransferListenerAdapter - Downloaded https://repo.maven.apache.org/maven2/org/springframework/boot/spring-boot-actuator-autoconfigure/3.0.5/spring-boot-actuator-autoconfigure-3.0.5-sources.jar
2023-04-02 15:58:19,327 [Worker-54: Download sources and javadoc] INFO  o.e.m.j.internal.DownloadSourcesJob - Downloaded sources for org.springframework.boot:spring-boot-actuator-autoconfigure:3.0.5
2023-04-02 15:58:19,942 [Worker-54: Download sources and javadoc] INFO  o.e.m.c.i.e.AbstractTransferListenerAdapter - Downloading https://repo.maven.apache.org/maven2/org/springframework/boot/spring-boot-actuator/3.0.5/spring-boot-actuator-3.0.5-sources.jar
2023-04-02 15:58:20,388 [Worker-54: Download sources and javadoc] INFO  o.e.m.c.i.e.AbstractTransferListenerAdapter - Downloaded https://repo.maven.apache.org/maven2/org/springframework/boot/spring-boot-actuator/3.0.5/spring-boot-actuator-3.0.5-sources.jar
2023-04-02 15:58:20,403 [Worker-54: Download sources and javadoc] INFO  o.e.m.j.internal.DownloadSourcesJob - Downloaded sources for org.springframework.boot:spring-boot-actuator:3.0.5
2023-04-02 15:58:20,657 [Worker-54: Download sources and javadoc] INFO  o.e.m.c.i.e.AbstractTransferListenerAdapter - Downloading https://repo.maven.apache.org/maven2/io/micrometer/micrometer-core/1.10.5/micrometer-core-1.10.5-sources.jar
2023-04-02 15:58:21,172 [Worker-54: Download sources and javadoc] INFO  o.e.m.c.i.e.AbstractTransferListenerAdapter - Downloaded https://repo.maven.apache.org/maven2/io/micrometer/micrometer-core/1.10.5/micrometer-core-1.10.5-sources.jar
2023-04-02 15:58:21,208 [Worker-54: Download sources and javadoc] INFO  o.e.m.j.internal.DownloadSourcesJob - Downloaded sources for io.micrometer:micrometer-core:1.10.5
2023-04-02 15:58:21,457 [Worker-54: Download sources and javadoc] INFO  o.e.m.c.i.e.AbstractTransferListenerAdapter - Downloading https://repo.maven.apache.org/maven2/io/micrometer/micrometer-registry-prometheus/1.10.5/micrometer-registry-prometheus-1.10.5-sources.jar
2023-04-02 15:58:22,011 [Worker-54: Download sources and javadoc] INFO  o.e.m.c.i.e.AbstractTransferListenerAdapter - Downloaded https://repo.maven.apache.org/maven2/io/micrometer/micrometer-registry-prometheus/1.10.5/micrometer-registry-prometheus-1.10.5-sources.jar
2023-04-02 15:58:22,039 [Worker-54: Download sources and javadoc] INFO  o.e.m.j.internal.DownloadSourcesJob - Downloaded sources for io.micrometer:micrometer-registry-prometheus:1.10.5
2023-04-02 15:58:22,299 [Worker-54: Download sources and javadoc] INFO  o.e.m.c.i.e.AbstractTransferListenerAdapter - Downloading https://repo.maven.apache.org/maven2/org/springframework/boot/spring-boot-starter-validation/3.0.5/spring-boot-starter-validation-3.0.5-sources.jar
2023-04-02 15:58:22,570 [Worker-54: Download sources and javadoc] INFO  o.e.m.c.i.e.AbstractTransferListenerAdapter - Downloaded https://repo.maven.apache.org/maven2/org/springframework/boot/spring-boot-starter-validation/3.0.5/spring-boot-starter-validation-3.0.5-sources.jar
2023-04-02 15:58:22,605 [Worker-54: Download sources and javadoc] INFO  o.e.m.j.internal.DownloadSourcesJob - Downloaded sources for org.springframework.boot:spring-boot-starter-validation:3.0.5
2023-04-02 15:58:22,906 [Worker-54: Download sources and javadoc] INFO  o.e.m.c.i.e.AbstractTransferListenerAdapter - Downloading https://repo.maven.apache.org/maven2/io/projectreactor/reactor-core/3.5.4/reactor-core-3.5.4-sources.jar
2023-04-02 15:58:24,621 [Worker-54: Download sources and javadoc] INFO  o.e.m.c.i.e.AbstractTransferListenerAdapter - Downloaded https://repo.maven.apache.org/maven2/io/projectreactor/reactor-core/3.5.4/reactor-core-3.5.4-sources.jar
2023-04-02 15:58:24,636 [Worker-54: Download sources and javadoc] INFO  o.e.m.j.internal.DownloadSourcesJob - Downloaded sources for io.projectreactor:reactor-core:3.5.4
2023-04-02 15:58:24,982 [Worker-54: Download sources and javadoc] INFO  o.e.m.c.i.e.AbstractTransferListenerAdapter - Downloading https://repo.maven.apache.org/maven2/io/projectreactor/addons/reactor-extra/3.5.1/reactor-extra-3.5.1-sources.jar
2023-04-02 15:58:25,202 [Worker-54: Download sources and javadoc] INFO  o.e.m.c.i.e.AbstractTransferListenerAdapter - Downloaded https://repo.maven.apache.org/maven2/io/projectreactor/addons/reactor-extra/3.5.1/reactor-extra-3.5.1-sources.jar
2023-04-02 15:58:25,242 [Worker-54: Download sources and javadoc] INFO  o.e.m.j.internal.DownloadSourcesJob - Downloaded sources for io.projectreactor.addons:reactor-extra:3.5.1
2023-04-02 15:58:25,501 [Worker-54: Download sources and javadoc] INFO  o.e.m.c.i.e.AbstractTransferListenerAdapter - Downloading https://repo.maven.apache.org/maven2/org/springframework/boot/spring-boot-starter-cache/3.0.5/spring-boot-starter-cache-3.0.5-sources.jar
2023-04-02 15:58:25,630 [Worker-54: Download sources and javadoc] INFO  o.e.m.c.i.e.AbstractTransferListenerAdapter - Downloaded https://repo.maven.apache.org/maven2/org/springframework/boot/spring-boot-starter-cache/3.0.5/spring-boot-starter-cache-3.0.5-sources.jar
2023-04-02 15:58:25,649 [Worker-54: Download sources and javadoc] INFO  o.e.m.j.internal.DownloadSourcesJob - Downloaded sources for org.springframework.boot:spring-boot-starter-cache:3.0.5
2023-04-02 15:58:25,935 [Worker-54: Download sources and javadoc] INFO  o.e.m.c.i.e.AbstractTransferListenerAdapter - Downloading https://repo.maven.apache.org/maven2/org/springframework/spring-context-support/6.0.7/spring-context-support-6.0.7-sources.jar
2023-04-02 15:58:26,213 [Worker-54: Download sources and javadoc] INFO  o.e.m.c.i.e.AbstractTransferListenerAdapter - Downloaded https://repo.maven.apache.org/maven2/org/springframework/spring-context-support/6.0.7/spring-context-support-6.0.7-sources.jar
2023-04-02 15:58:26,244 [Worker-54: Download sources and javadoc] INFO  o.e.m.j.internal.DownloadSourcesJob - Downloaded sources for org.springframework:spring-context-support:6.0.7
2023-04-02 15:58:27,335 [Worker-56: Building] INFO  o.a.m.s.f.DefaultMavenResourcesFiltering - Copying 0 resource
2023-04-02 15:58:27,335 [Worker-56: Building] INFO  o.a.m.s.f.DefaultMavenResourcesFiltering - Copying 0 resource
2023-04-02 15:58:27,338 [Worker-56: Building] INFO  o.a.m.s.f.DefaultMavenResourcesFiltering - skip non existing resourceDirectory D:\JavaFS TRAINING\Practice-M-S\Final-integration-main\Microservices\g3-auth0-service\src\test\resources
2023-04-02 15:58:39,844 [Worker-55: Updating Maven Project] INFO  o.e.m.c.i.p.ProjectConfigurationManager - Update started
2023-04-02 15:58:40,220 [Worker-55: Updating Maven Project] INFO  o.e.m.c.i.l.LifecycleMappingFactory - Using org.eclipse.m2e.jdt.JarLifecycleMapping lifecycle mapping for MavenProject: com.capstone.application:g3-auth0-service:0.0.1-SNAPSHOT @ D:\JavaFS TRAINING\Practice-M-S\Final-integration-main\Microservices\g3-auth0-service\pom.xml.
2023-04-02 15:58:40,695 [Worker-55: Updating Maven Project] WARN  o.e.m.c.i.embedder.EclipseLogger - The artifact mysql:mysql-connector-java:jar:8.0.31 has been relocated to com.mysql:mysql-connector-j:jar:8.0.31: MySQL Connector/J artifacts moved to reverse-DNS compliant Maven 2+ coordinates.
2023-04-02 15:58:41,460 [Worker-55: Updating Maven Project] INFO  o.e.m.j.i.AbstractJavaProjectConfigurator - Adding source folder /g3-auth0-service/src/main/java
2023-04-02 15:58:41,461 [Worker-55: Updating Maven Project] INFO  o.e.m.j.i.AbstractJavaProjectConfigurator - Adding resource folder /g3-auth0-service/src/main/resources
2023-04-02 15:58:41,462 [Worker-55: Updating Maven Project] INFO  o.e.m.j.i.AbstractJavaProjectConfigurator - Adding resource folder /g3-auth0-service/src/main/resources
2023-04-02 15:58:41,462 [Worker-55: Updating Maven Project] INFO  o.e.m.j.i.AbstractJavaProjectConfigurator - Adding source folder /g3-auth0-service/src/test/java
2023-04-02 15:58:42,463 [Worker-55: Updating Maven Project] INFO  o.e.m.c.i.p.ProjectConfigurationManager - Update completed for 1 poms: local refresh takes 0.00 sec, refresh facades takes 1.00 sec, update config takes 0.00 sec 
2023-04-02 15:59:09,469 [main] INFO  o.e.m2e.actions.ExecutePomAction - Creating new launch configuration
2023-04-02 15:59:18,017 [Worker-53: Launching g3-auth0-service (1)] INFO  o.e.m.i.launch.MavenLaunchDelegate - Run build in "D:\JavaFS TRAINING\Practice-M-S\Final-integration-main\Microservices\g3-auth0-service":
2023-04-02 15:59:18,017 [Worker-53: Launching g3-auth0-service (1)] INFO  o.e.m.i.launch.MavenLaunchDelegate -  mvn  -B -Dstyle.color=always clean install
2023-04-02 16:01:15,280 [Worker-55: Building] INFO  o.e.m.c.i.l.LifecycleMappingFactory - Using org.eclipse.m2e.jdt.JarLifecycleMapping lifecycle mapping for MavenProject: com.capstone.application:g3-auth0-service:0.0.1-SNAPSHOT @ D:\JavaFS TRAINING\Practice-M-S\Final-integration-main\Microservices\g3-auth0-service\pom.xml.
2023-04-02 16:01:15,743 [Worker-55: Building] WARN  o.e.m.c.i.embedder.EclipseLogger - The artifact mysql:mysql-connector-java:jar:8.0.31 has been relocated to com.mysql:mysql-connector-j:jar:8.0.31: MySQL Connector/J artifacts moved to reverse-DNS compliant Maven 2+ coordinates.
2023-04-02 16:01:16,722 [Worker-55: Building] INFO  o.a.m.s.f.DefaultMavenResourcesFiltering - Copying 0 resource
2023-04-02 16:01:16,722 [Worker-55: Building] INFO  o.a.m.s.f.DefaultMavenResourcesFiltering - Copying 0 resource
2023-04-02 16:01:16,727 [Worker-55: Building] INFO  o.a.m.s.f.DefaultMavenResourcesFiltering - skip non existing resourceDirectory D:\JavaFS TRAINING\Practice-M-S\Final-integration-main\Microservices\g3-auth0-service\src\test\resources
2023-04-02 16:01:18,102 [Worker-51: Building] INFO  o.a.m.s.f.DefaultMavenResourcesFiltering - Copying 1 resource
2023-04-02 16:01:18,124 [Worker-51: Building] INFO  o.a.m.s.f.DefaultMavenResourcesFiltering - Copying 0 resource
2023-04-02 16:01:18,128 [Worker-51: Building] INFO  o.a.m.s.f.DefaultMavenResourcesFiltering - skip non existing resourceDirectory D:\JavaFS TRAINING\Practice-M-S\Final-integration-main\Microservices\g3-auth0-service\src\test\resources
2023-04-02 16:01:42,417 [Worker-44: Updating Maven Project] INFO  o.e.m.c.i.p.ProjectConfigurationManager - Update started
2023-04-02 16:01:43,003 [Worker-44: Updating Maven Project] INFO  o.e.m.c.i.l.LifecycleMappingFactory - Using org.eclipse.m2e.jdt.JarLifecycleMapping lifecycle mapping for MavenProject: com.capstone.application:g3-auth0-service:0.0.1-SNAPSHOT @ D:\JavaFS TRAINING\Practice-M-S\Final-integration-main\Microservices\g3-auth0-service\pom.xml.
2023-04-02 16:01:43,590 [Worker-44: Updating Maven Project] WARN  o.e.m.c.i.embedder.EclipseLogger - The artifact mysql:mysql-connector-java:jar:8.0.31 has been relocated to com.mysql:mysql-connector-j:jar:8.0.31: MySQL Connector/J artifacts moved to reverse-DNS compliant Maven 2+ coordinates.
2023-04-02 16:01:44,326 [Worker-44: Updating Maven Project] INFO  o.e.m.j.i.AbstractJavaProjectConfigurator - Adding source folder /g3-auth0-service/src/main/java
2023-04-02 16:01:44,326 [Worker-44: Updating Maven Project] INFO  o.e.m.j.i.AbstractJavaProjectConfigurator - Adding resource folder /g3-auth0-service/src/main/resources
2023-04-02 16:01:44,327 [Worker-44: Updating Maven Project] INFO  o.e.m.j.i.AbstractJavaProjectConfigurator - Adding resource folder /g3-auth0-service/src/main/resources
2023-04-02 16:01:44,327 [Worker-44: Updating Maven Project] INFO  o.e.m.j.i.AbstractJavaProjectConfigurator - Adding source folder /g3-auth0-service/src/test/java
2023-04-02 16:01:45,282 [Worker-44: Updating Maven Project] INFO  o.e.m.c.i.p.ProjectConfigurationManager - Update completed for 1 poms: local refresh takes 0.00 sec, refresh facades takes 1.00 sec, update config takes 0.00 sec 
2023-04-02 16:01:58,813 [main] INFO  o.e.m2e.actions.ExecutePomAction - Creating new launch configuration
2023-04-02 16:02:07,184 [Worker-54: Launching g3-auth0-service (2)] INFO  o.e.m.i.launch.MavenLaunchDelegate - Run build in "D:\JavaFS TRAINING\Practice-M-S\Final-integration-main\Microservices\g3-auth0-service":
2023-04-02 16:02:07,185 [Worker-54: Launching g3-auth0-service (2)] INFO  o.e.m.i.launch.MavenLaunchDelegate -  mvn  -B -Dstyle.color=always clean install
2023-04-02 16:03:03,838 [Worker-56: Searching...] INFO  o.eclipse.m2e.core.internal.Bundles - getClasspathEntries(Bundle=org.eclipse.m2e.workspace.cli_0.3.1 [354])
2023-04-02 16:03:03,841 [Worker-56: Searching...] INFO  o.eclipse.m2e.core.internal.Bundles - 	Entry: C:\Users\SANGEETHA\Downloads\sts-4.17.2.RELEASE\plugins\org.eclipse.m2e.workspace.cli_0.3.1.jar
2023-04-02 16:03:05,070 [Worker-56: Searching...] INFO  o.e.m.c.i.e.AbstractTransferListenerAdapter - Downloading https://repo.maven.apache.org/maven2/io/takari/m2e/workspace/org.eclipse.m2e.workspace.cli/0.3.1/org.eclipse.m2e.workspace.cli-0.3.1-sources.jar
2023-04-02 16:03:05,566 [Worker-56: Searching...] INFO  o.e.m.c.i.e.AbstractTransferListenerAdapter - Downloaded https://repo.maven.apache.org/maven2/io/takari/m2e/workspace/org.eclipse.m2e.workspace.cli/0.3.1/org.eclipse.m2e.workspace.cli-0.3.1-sources.jar
2023-04-02 16:03:06,116 [Worker-56: Searching...] INFO  o.e.m.c.i.e.AbstractTransferListenerAdapter - Downloading https://repo.maven.apache.org/maven2/org/codehaus/plexus/plexus-classworlds/2.6.0/plexus-classworlds-2.6.0-sources.jar
2023-04-02 16:03:06,655 [Worker-56: Searching...] INFO  o.e.m.c.i.e.AbstractTransferListenerAdapter - Downloaded https://repo.maven.apache.org/maven2/org/codehaus/plexus/plexus-classworlds/2.6.0/plexus-classworlds-2.6.0-sources.jar
2023-04-02 16:03:07,758 [Worker-56: Searching...] INFO  o.e.m.c.i.e.AbstractTransferListenerAdapter - Downloading https://repo.maven.apache.org/maven2/io/takari/aether/aether-connector-okhttp/0.17.8/aether-connector-okhttp-0.17.8-sources.jar
2023-04-02 16:03:08,397 [Worker-56: Searching...] INFO  o.e.m.c.i.e.AbstractTransferListenerAdapter - Downloaded https://repo.maven.apache.org/maven2/io/takari/aether/aether-connector-okhttp/0.17.8/aether-connector-okhttp-0.17.8-sources.jar
2023-04-02 16:03:09,084 [Worker-56: Searching...] INFO  o.e.m.c.i.e.AbstractTransferListenerAdapter - Downloading https://repo.maven.apache.org/maven2/commons-cli/commons-cli/1.4/commons-cli-1.4-sources.jar
2023-04-02 16:03:09,443 [Worker-56: Searching...] INFO  o.e.m.c.i.e.AbstractTransferListenerAdapter - Downloaded https://repo.maven.apache.org/maven2/commons-cli/commons-cli/1.4/commons-cli-1.4-sources.jar
2023-04-02 16:03:10,420 [Worker-56: Searching...] INFO  o.e.m.c.i.e.AbstractTransferListenerAdapter - Downloading https://repo.maven.apache.org/maven2/commons-io/commons-io/2.6/commons-io-2.6-sources.jar
2023-04-02 16:03:11,253 [Worker-56: Searching...] INFO  o.e.m.c.i.e.AbstractTransferListenerAdapter - Downloaded https://repo.maven.apache.org/maven2/commons-io/commons-io/2.6/commons-io-2.6-sources.jar
2023-04-02 16:03:11,501 [Worker-56: Searching...] INFO  o.e.m.c.i.e.AbstractTransferListenerAdapter - Downloading https://repo.maven.apache.org/maven2/org/apache/commons/commons-lang3/3.8.1/commons-lang3-3.8.1-sources.jar
2023-04-02 16:03:12,132 [Worker-56: Searching...] INFO  o.e.m.c.i.e.AbstractTransferListenerAdapter - Downloaded https://repo.maven.apache.org/maven2/org/apache/commons/commons-lang3/3.8.1/commons-lang3-3.8.1-sources.jar
2023-04-02 16:03:12,458 [Worker-56: Searching...] INFO  o.e.m.c.i.e.AbstractTransferListenerAdapter - Downloading https://repo.maven.apache.org/maven2/org/fusesource/jansi/jansi/2.4.0/jansi-2.4.0-sources.jar
2023-04-02 16:03:12,749 [Worker-56: Searching...] INFO  o.e.m.c.i.e.AbstractTransferListenerAdapter - Downloaded https://repo.maven.apache.org/maven2/org/fusesource/jansi/jansi/2.4.0/jansi-2.4.0-sources.jar
2023-04-02 16:03:13,145 [Worker-56: Searching...] INFO  o.e.m.c.i.e.AbstractTransferListenerAdapter - Downloading https://repo.maven.apache.org/maven2/org/apache/maven/maven-artifact/3.8.6/maven-artifact-3.8.6-sources.jar
2023-04-02 16:03:13,364 [Worker-56: Searching...] INFO  o.e.m.c.i.e.AbstractTransferListenerAdapter - Downloaded https://repo.maven.apache.org/maven2/org/apache/maven/maven-artifact/3.8.6/maven-artifact-3.8.6-sources.jar
2023-04-02 16:03:13,695 [Worker-56: Searching...] INFO  o.e.m.c.i.e.AbstractTransferListenerAdapter - Downloading https://repo.maven.apache.org/maven2/org/apache/maven/maven-builder-support/3.8.6/maven-builder-support-3.8.6-sources.jar
2023-04-02 16:03:14,004 [Worker-56: Searching...] INFO  o.e.m.c.i.e.AbstractTransferListenerAdapter - Downloaded https://repo.maven.apache.org/maven2/org/apache/maven/maven-builder-support/3.8.6/maven-builder-support-3.8.6-sources.jar
2023-04-02 16:03:14,338 [Worker-56: Searching...] INFO  o.e.m.c.i.e.AbstractTransferListenerAdapter - Downloading https://repo.maven.apache.org/maven2/org/apache/maven/maven-compat/3.8.6/maven-compat-3.8.6-sources.jar
2023-04-02 16:03:14,594 [Worker-56: Searching...] INFO  o.e.m.c.i.e.AbstractTransferListenerAdapter - Downloaded https://repo.maven.apache.org/maven2/org/apache/maven/maven-compat/3.8.6/maven-compat-3.8.6-sources.jar
2023-04-02 16:03:14,897 [Worker-56: Searching...] INFO  o.e.m.c.i.e.AbstractTransferListenerAdapter - Downloading https://repo.maven.apache.org/maven2/org/apache/maven/maven-core/3.8.6/maven-core-3.8.6-sources.jar
2023-04-02 16:03:15,531 [Worker-56: Searching...] INFO  o.e.m.c.i.e.AbstractTransferListenerAdapter - Downloaded https://repo.maven.apache.org/maven2/org/apache/maven/maven-core/3.8.6/maven-core-3.8.6-sources.jar
2023-04-02 16:03:15,816 [Worker-56: Searching...] INFO  o.e.m.c.i.e.AbstractTransferListenerAdapter - Downloading https://repo.maven.apache.org/maven2/org/apache/maven/maven-embedder/3.8.6/maven-embedder-3.8.6-sources.jar
2023-04-02 16:03:16,009 [Worker-56: Searching...] INFO  o.e.m.c.i.e.AbstractTransferListenerAdapter - Downloaded https://repo.maven.apache.org/maven2/org/apache/maven/maven-embedder/3.8.6/maven-embedder-3.8.6-sources.jar
2023-04-02 16:03:16,296 [Worker-56: Searching...] INFO  o.e.m.c.i.e.AbstractTransferListenerAdapter - Downloading https://repo.maven.apache.org/maven2/org/apache/maven/maven-model/3.8.6/maven-model-3.8.6-sources.jar
2023-04-02 16:03:16,571 [Worker-56: Searching...] INFO  o.e.m.c.i.e.AbstractTransferListenerAdapter - Downloaded https://repo.maven.apache.org/maven2/org/apache/maven/maven-model/3.8.6/maven-model-3.8.6-sources.jar
2023-04-02 16:03:16,863 [Worker-56: Searching...] INFO  o.e.m.c.i.e.AbstractTransferListenerAdapter - Downloading https://repo.maven.apache.org/maven2/org/apache/maven/maven-model-builder/3.8.6/maven-model-builder-3.8.6-sources.jar
2023-04-02 16:03:17,112 [Worker-56: Searching...] INFO  o.e.m.c.i.e.AbstractTransferListenerAdapter - Downloaded https://repo.maven.apache.org/maven2/org/apache/maven/maven-model-builder/3.8.6/maven-model-builder-3.8.6-sources.jar
2023-04-02 16:03:17,387 [Worker-56: Searching...] INFO  o.e.m.c.i.e.AbstractTransferListenerAdapter - Downloading https://repo.maven.apache.org/maven2/org/apache/maven/maven-plugin-api/3.8.6/maven-plugin-api-3.8.6-sources.jar
2023-04-02 16:03:17,851 [Worker-56: Searching...] INFO  o.e.m.c.i.e.AbstractTransferListenerAdapter - Downloaded https://repo.maven.apache.org/maven2/org/apache/maven/maven-plugin-api/3.8.6/maven-plugin-api-3.8.6-sources.jar
2023-04-02 16:03:18,138 [Worker-56: Searching...] INFO  o.e.m.c.i.e.AbstractTransferListenerAdapter - Downloading https://repo.maven.apache.org/maven2/org/apache/maven/maven-repository-metadata/3.8.6/maven-repository-metadata-3.8.6-sources.jar
2023-04-02 16:03:18,490 [Worker-56: Searching...] INFO  o.e.m.c.i.e.AbstractTransferListenerAdapter - Downloaded https://repo.maven.apache.org/maven2/org/apache/maven/maven-repository-metadata/3.8.6/maven-repository-metadata-3.8.6-sources.jar
2023-04-02 16:03:18,828 [Worker-56: Searching...] INFO  o.e.m.c.i.e.AbstractTransferListenerAdapter - Downloading https://repo.maven.apache.org/maven2/org/apache/maven/resolver/maven-resolver-api/1.6.3/maven-resolver-api-1.6.3-sources.jar
2023-04-02 16:03:19,094 [Worker-56: Searching...] INFO  o.e.m.c.i.e.AbstractTransferListenerAdapter - Downloaded https://repo.maven.apache.org/maven2/org/apache/maven/resolver/maven-resolver-api/1.6.3/maven-resolver-api-1.6.3-sources.jar
2023-04-02 16:03:19,666 [Worker-56: Searching...] INFO  o.e.m.c.i.e.AbstractTransferListenerAdapter - Downloading https://repo.maven.apache.org/maven2/org/apache/maven/resolver/maven-resolver-connector-basic/1.6.3/maven-resolver-connector-basic-1.6.3-sources.jar
2023-04-02 16:03:20,130 [Worker-56: Searching...] INFO  o.e.m.c.i.e.AbstractTransferListenerAdapter - Downloaded https://repo.maven.apache.org/maven2/org/apache/maven/resolver/maven-resolver-connector-basic/1.6.3/maven-resolver-connector-basic-1.6.3-sources.jar
2023-04-02 16:03:20,422 [Worker-56: Searching...] INFO  o.e.m.c.i.e.AbstractTransferListenerAdapter - Downloading https://repo.maven.apache.org/maven2/org/apache/maven/resolver/maven-resolver-impl/1.6.3/maven-resolver-impl-1.6.3-sources.jar
2023-04-02 16:03:20,697 [Worker-56: Searching...] INFO  o.e.m.c.i.e.AbstractTransferListenerAdapter - Downloaded https://repo.maven.apache.org/maven2/org/apache/maven/resolver/maven-resolver-impl/1.6.3/maven-resolver-impl-1.6.3-sources.jar
2023-04-02 16:03:21,057 [Worker-56: Searching...] INFO  o.e.m.c.i.e.AbstractTransferListenerAdapter - Downloading https://repo.maven.apache.org/maven2/org/apache/maven/maven-resolver-provider/3.8.6/maven-resolver-provider-3.8.6-sources.jar
2023-04-02 16:03:21,656 [Worker-56: Searching...] INFO  o.e.m.c.i.e.AbstractTransferListenerAdapter - Downloaded https://repo.maven.apache.org/maven2/org/apache/maven/maven-resolver-provider/3.8.6/maven-resolver-provider-3.8.6-sources.jar
2023-04-02 16:03:22,141 [Worker-56: Searching...] INFO  o.e.m.c.i.e.AbstractTransferListenerAdapter - Downloading https://repo.maven.apache.org/maven2/org/apache/maven/resolver/maven-resolver-spi/1.6.3/maven-resolver-spi-1.6.3-sources.jar
2023-04-02 16:03:22,414 [Worker-56: Searching...] INFO  o.e.m.c.i.e.AbstractTransferListenerAdapter - Downloaded https://repo.maven.apache.org/maven2/org/apache/maven/resolver/maven-resolver-spi/1.6.3/maven-resolver-spi-1.6.3-sources.jar
2023-04-02 16:03:22,735 [Worker-56: Searching...] INFO  o.e.m.c.i.e.AbstractTransferListenerAdapter - Downloading https://repo.maven.apache.org/maven2/org/apache/maven/resolver/maven-resolver-transport-wagon/1.6.3/maven-resolver-transport-wagon-1.6.3-sources.jar
2023-04-02 16:03:23,053 [Worker-56: Searching...] INFO  o.e.m.c.i.e.AbstractTransferListenerAdapter - Downloaded https://repo.maven.apache.org/maven2/org/apache/maven/resolver/maven-resolver-transport-wagon/1.6.3/maven-resolver-transport-wagon-1.6.3-sources.jar
2023-04-02 16:03:24,139 [Worker-56: Searching...] INFO  o.e.m.c.i.e.AbstractTransferListenerAdapter - Downloading https://repo.maven.apache.org/maven2/org/apache/maven/resolver/maven-resolver-util/1.6.3/maven-resolver-util-1.6.3-sources.jar
2023-04-02 16:03:24,494 [Worker-56: Searching...] INFO  o.e.m.c.i.e.AbstractTransferListenerAdapter - Downloaded https://repo.maven.apache.org/maven2/org/apache/maven/resolver/maven-resolver-util/1.6.3/maven-resolver-util-1.6.3-sources.jar
2023-04-02 16:03:25,064 [Worker-56: Searching...] INFO  o.e.m.c.i.e.AbstractTransferListenerAdapter - Downloading https://repo.maven.apache.org/maven2/org/apache/maven/maven-settings/3.8.6/maven-settings-3.8.6-sources.jar
2023-04-02 16:03:25,492 [Worker-56: Searching...] INFO  o.e.m.c.i.e.AbstractTransferListenerAdapter - Downloaded https://repo.maven.apache.org/maven2/org/apache/maven/maven-settings/3.8.6/maven-settings-3.8.6-sources.jar
2023-04-02 16:03:26,056 [Worker-56: Searching...] INFO  o.e.m.c.i.e.AbstractTransferListenerAdapter - Downloading https://repo.maven.apache.org/maven2/org/apache/maven/maven-settings-builder/3.8.6/maven-settings-builder-3.8.6-sources.jar
2023-04-02 16:03:26,626 [Worker-56: Searching...] INFO  o.e.m.c.i.e.AbstractTransferListenerAdapter - Downloaded https://repo.maven.apache.org/maven2/org/apache/maven/maven-settings-builder/3.8.6/maven-settings-builder-3.8.6-sources.jar
2023-04-02 16:03:26,937 [Worker-56: Searching...] INFO  o.e.m.c.i.e.AbstractTransferListenerAdapter - Downloading https://repo.maven.apache.org/maven2/org/apache/maven/shared/maven-shared-utils/3.3.4/maven-shared-utils-3.3.4-sources.jar
2023-04-02 16:03:27,258 [Worker-56: Searching...] INFO  o.e.m.c.i.e.AbstractTransferListenerAdapter - Downloaded https://repo.maven.apache.org/maven2/org/apache/maven/shared/maven-shared-utils/3.3.4/maven-shared-utils-3.3.4-sources.jar
2023-04-02 16:03:27,632 [Worker-56: Searching...] INFO  o.e.m.c.i.e.AbstractTransferListenerAdapter - Downloading https://repo.maven.apache.org/maven2/com/squareup/okhttp3/okhttp/3.14.1/okhttp-3.14.1-sources.jar
2023-04-02 16:03:28,186 [Worker-56: Searching...] INFO  o.e.m.c.i.e.AbstractTransferListenerAdapter - Downloaded https://repo.maven.apache.org/maven2/com/squareup/okhttp3/okhttp/3.14.1/okhttp-3.14.1-sources.jar
2023-04-02 16:03:28,538 [Worker-56: Searching...] INFO  o.e.m.c.i.e.AbstractTransferListenerAdapter - Downloading https://repo.maven.apache.org/maven2/com/squareup/okio/okio/1.17.3/okio-1.17.3-sources.jar
2023-04-02 16:03:28,828 [Worker-56: Searching...] INFO  o.e.m.c.i.e.AbstractTransferListenerAdapter - Downloaded https://repo.maven.apache.org/maven2/com/squareup/okio/okio/1.17.3/okio-1.17.3-sources.jar
2023-04-02 16:03:29,140 [Worker-56: Searching...] INFO  o.e.m.c.i.e.AbstractTransferListenerAdapter - Downloading https://repo.maven.apache.org/maven2/org/codehaus/plexus/plexus-cipher/2.0/plexus-cipher-2.0-sources.jar
2023-04-02 16:03:29,547 [Worker-56: Searching...] INFO  o.e.m.c.i.e.AbstractTransferListenerAdapter - Downloaded https://repo.maven.apache.org/maven2/org/codehaus/plexus/plexus-cipher/2.0/plexus-cipher-2.0-sources.jar
2023-04-02 16:03:29,998 [Worker-56: Searching...] INFO  o.e.m.c.i.e.AbstractTransferListenerAdapter - Downloading https://repo.maven.apache.org/maven2/org/codehaus/plexus/plexus-component-annotations/2.1.0/plexus-component-annotations-2.1.0-sources.jar
2023-04-02 16:03:30,283 [Worker-56: Searching...] INFO  o.e.m.c.i.e.AbstractTransferListenerAdapter - Downloaded https://repo.maven.apache.org/maven2/org/codehaus/plexus/plexus-component-annotations/2.1.0/plexus-component-annotations-2.1.0-sources.jar
2023-04-02 16:03:30,584 [Worker-56: Searching...] INFO  o.e.m.c.i.e.AbstractTransferListenerAdapter - Downloading https://repo.maven.apache.org/maven2/org/codehaus/plexus/plexus-interpolation/1.26/plexus-interpolation-1.26-sources.jar
2023-04-02 16:03:30,839 [Worker-56: Searching...] INFO  o.e.m.c.i.e.AbstractTransferListenerAdapter - Downloaded https://repo.maven.apache.org/maven2/org/codehaus/plexus/plexus-interpolation/1.26/plexus-interpolation-1.26-sources.jar
2023-04-02 16:03:31,144 [Worker-56: Searching...] INFO  o.e.m.c.i.e.AbstractTransferListenerAdapter - Downloading https://repo.maven.apache.org/maven2/org/codehaus/plexus/plexus-sec-dispatcher/2.0/plexus-sec-dispatcher-2.0-sources.jar
2023-04-02 16:03:31,861 [Worker-56: Searching...] INFO  o.e.m.c.i.e.AbstractTransferListenerAdapter - Downloaded https://repo.maven.apache.org/maven2/org/codehaus/plexus/plexus-sec-dispatcher/2.0/plexus-sec-dispatcher-2.0-sources.jar
2023-04-02 16:03:32,637 [Worker-56: Searching...] INFO  o.e.m.c.i.e.AbstractTransferListenerAdapter - Downloading https://repo.maven.apache.org/maven2/org/codehaus/plexus/plexus-utils/3.3.1/plexus-utils-3.3.1-sources.jar
2023-04-02 16:03:33,214 [Worker-56: Searching...] INFO  o.e.m.c.i.e.AbstractTransferListenerAdapter - Downloaded https://repo.maven.apache.org/maven2/org/codehaus/plexus/plexus-utils/3.3.1/plexus-utils-3.3.1-sources.jar
2023-04-02 16:03:33,499 [Worker-56: Searching...] INFO  o.e.m.c.i.e.AbstractTransferListenerAdapter - Downloading https://repo.maven.apache.org/maven2/org/apache/maven/wagon/wagon-file/3.5.1/wagon-file-3.5.1-sources.jar
2023-04-02 16:03:33,723 [Worker-56: Searching...] INFO  o.e.m.c.i.e.AbstractTransferListenerAdapter - Downloaded https://repo.maven.apache.org/maven2/org/apache/maven/wagon/wagon-file/3.5.1/wagon-file-3.5.1-sources.jar
2023-04-02 16:03:34,017 [Worker-56: Searching...] INFO  o.e.m.c.i.e.AbstractTransferListenerAdapter - Downloading https://repo.maven.apache.org/maven2/org/apache/maven/wagon/wagon-provider-api/3.5.1/wagon-provider-api-3.5.1-sources.jar
2023-04-02 16:03:34,262 [Worker-56: Searching...] INFO  o.e.m.c.i.e.AbstractTransferListenerAdapter - Downloaded https://repo.maven.apache.org/maven2/org/apache/maven/wagon/wagon-provider-api/3.5.1/wagon-provider-api-3.5.1-sources.jar
2023-04-02 16:03:34,681 [Worker-56: Searching...] INFO  o.e.m.c.i.e.AbstractTransferListenerAdapter - Downloading https://repo.maven.apache.org/maven2/org/apache/maven/maven-slf4j-provider/3.8.6/maven-slf4j-provider-3.8.6-sources.jar
2023-04-02 16:03:35,097 [Worker-56: Searching...] INFO  o.e.m.c.i.e.AbstractTransferListenerAdapter - Downloaded https://repo.maven.apache.org/maven2/org/apache/maven/maven-slf4j-provider/3.8.6/maven-slf4j-provider-3.8.6-sources.jar
2023-04-02 16:08:36,523 [Worker-63: Launching Executing clean in D__JavaFS TRAINING_Practice-M-S_Final-integration-main_Microservices_g3-auth0-service] INFO  o.e.m.i.launch.MavenLaunchDelegate - Run build in "D:\JavaFS TRAINING\Practice-M-S\Final-integration-main\Microservices\g3-auth0-service":
2023-04-02 16:08:36,524 [Worker-63: Launching Executing clean in D__JavaFS TRAINING_Practice-M-S_Final-integration-main_Microservices_g3-auth0-service] INFO  o.e.m.i.launch.MavenLaunchDelegate -  mvn  -B -Dstyle.color=always clean
2023-04-02 16:10:10,241 [Worker-60: Building] INFO  o.e.m.c.i.l.LifecycleMappingFactory - Using org.eclipse.m2e.jdt.JarLifecycleMapping lifecycle mapping for MavenProject: com.capstone.application:g3-auth0-service:0.0.1-SNAPSHOT @ D:\JavaFS TRAINING\Practice-M-S\Final-integration-main\Microservices\g3-auth0-service\pom.xml.
2023-04-02 16:10:11,189 [Worker-60: Building] INFO  o.a.m.s.f.DefaultMavenResourcesFiltering - Copying 0 resource
2023-04-02 16:10:11,189 [Worker-60: Building] INFO  o.a.m.s.f.DefaultMavenResourcesFiltering - Copying 0 resource
2023-04-02 16:10:11,194 [Worker-60: Building] INFO  o.a.m.s.f.DefaultMavenResourcesFiltering - skip non existing resourceDirectory D:\JavaFS TRAINING\Practice-M-S\Final-integration-main\Microservices\g3-auth0-service\src\test\resources
2023-04-02 16:10:12,565 [Worker-60: Building] INFO  o.a.m.s.f.DefaultMavenResourcesFiltering - Copying 1 resource
2023-04-02 16:10:12,593 [Worker-60: Building] INFO  o.a.m.s.f.DefaultMavenResourcesFiltering - Copying 0 resource
2023-04-02 16:10:12,597 [Worker-60: Building] INFO  o.a.m.s.f.DefaultMavenResourcesFiltering - skip non existing resourceDirectory D:\JavaFS TRAINING\Practice-M-S\Final-integration-main\Microservices\g3-auth0-service\src\test\resources
2023-04-02 16:11:17,496 [Worker-60: Building] INFO  o.e.m.c.i.l.LifecycleMappingFactory - Using org.eclipse.m2e.jdt.JarLifecycleMapping lifecycle mapping for MavenProject: com.capstone.application:g3-auth0-service:0.0.1-SNAPSHOT @ D:\JavaFS TRAINING\Practice-M-S\Final-integration-main\Microservices\g3-auth0-service\pom.xml.
2023-04-02 16:11:18,687 [Worker-60: Building] INFO  o.a.m.s.f.DefaultMavenResourcesFiltering - Copying 0 resource
2023-04-02 16:11:18,688 [Worker-60: Building] INFO  o.a.m.s.f.DefaultMavenResourcesFiltering - Copying 0 resource
2023-04-02 16:11:18,692 [Worker-60: Building] INFO  o.a.m.s.f.DefaultMavenResourcesFiltering - skip non existing resourceDirectory D:\JavaFS TRAINING\Practice-M-S\Final-integration-main\Microservices\g3-auth0-service\src\test\resources
2023-04-02 16:11:20,098 [Worker-60: Building] INFO  o.a.m.s.f.DefaultMavenResourcesFiltering - Copying 1 resource
2023-04-02 16:11:20,131 [Worker-60: Building] INFO  o.a.m.s.f.DefaultMavenResourcesFiltering - Copying 0 resource
2023-04-02 16:11:20,136 [Worker-60: Building] INFO  o.a.m.s.f.DefaultMavenResourcesFiltering - skip non existing resourceDirectory D:\JavaFS TRAINING\Practice-M-S\Final-integration-main\Microservices\g3-auth0-service\src\test\resources
2023-04-02 16:12:17,198 [Worker-66: Building] ERROR o.e.m.c.i.p.r.ProjectRegistryManager - Could not read pom.xml
org.eclipse.core.runtime.CoreException: Could not read pom.xml
	at org.eclipse.m2e.core.internal.IMavenToolbox.readModel(IMavenToolbox.java:230)
	at org.eclipse.m2e.core.internal.project.registry.ProjectRegistryManager.refreshPhase2(ProjectRegistryManager.java:574)
	at org.eclipse.m2e.core.internal.project.registry.ProjectRegistryManager.refresh(ProjectRegistryManager.java:474)
	at org.eclipse.m2e.core.internal.project.registry.ProjectRegistryManager.refresh(ProjectRegistryManager.java:360)
	at org.eclipse.m2e.core.internal.project.registry.ProjectRegistryManager.refresh(ProjectRegistryManager.java:313)
	at org.eclipse.m2e.core.internal.builder.MavenBuilder$BuildMethod.getProjectFacade(MavenBuilder.java:149)
	at org.eclipse.m2e.core.internal.builder.MavenBuilder$BuildMethod.lambda$0(MavenBuilder.java:87)
	at org.eclipse.m2e.core.internal.embedder.MavenExecutionContext.executeBare(MavenExecutionContext.java:364)
	at org.eclipse.m2e.core.internal.embedder.MavenExecutionContext.execute(MavenExecutionContext.java:274)
	at org.eclipse.m2e.core.internal.embedder.MavenExecutionContext.execute(MavenExecutionContext.java:213)
	at org.eclipse.m2e.core.internal.builder.MavenBuilder$BuildMethod.execute(MavenBuilder.java:86)
	at org.eclipse.m2e.core.internal.builder.MavenBuilder.build(MavenBuilder.java:196)
	at org.eclipse.core.internal.events.BuildManager$2.run(BuildManager.java:1020)
	at org.eclipse.core.runtime.SafeRunner.run(SafeRunner.java:45)
	at org.eclipse.core.internal.events.BuildManager.basicBuild(BuildManager.java:247)
	at org.eclipse.core.internal.events.BuildManager.basicBuild(BuildManager.java:303)
	at org.eclipse.core.internal.events.BuildManager$1.run(BuildManager.java:392)
	at org.eclipse.core.runtime.SafeRunner.run(SafeRunner.java:45)
	at org.eclipse.core.internal.events.BuildManager.basicBuild(BuildManager.java:395)
	at org.eclipse.core.internal.events.BuildManager.basicBuildLoop(BuildManager.java:506)
	at org.eclipse.core.internal.events.BuildManager.basicBuildLoop(BuildManager.java:454)
	at org.eclipse.core.internal.events.BuildManager.build(BuildManager.java:536)
	at org.eclipse.core.internal.events.AutoBuildJob.doBuild(AutoBuildJob.java:161)
	at org.eclipse.core.internal.events.AutoBuildJob.run(AutoBuildJob.java:255)
	at org.eclipse.core.internal.jobs.Worker.run(Worker.java:63)
Caused by: org.apache.maven.model.io.ModelParseException: end tag name </dependency> must match start tag name <dependencies> from line 20 (position: TEXT seen ...</dependency>\n\t\t\n\t\t</dependency>... @66:16) 
	at org.apache.maven.model.io.DefaultModelReader.read(DefaultModelReader.java:117)
	at org.apache.maven.model.io.DefaultModelReader.read(DefaultModelReader.java:85)
	at org.eclipse.m2e.core.internal.IMavenToolbox.readModel(IMavenToolbox.java:228)
	... 24 common frames omitted
Caused by: org.codehaus.plexus.util.xml.pull.XmlPullParserException: end tag name </dependency> must match start tag name <dependencies> from line 20 (position: TEXT seen ...</dependency>\n\t\t\n\t\t</dependency>... @66:16) 
	at org.codehaus.plexus.util.xml.pull.MXParser.parseEndTag(MXParser.java:2090)
	at org.codehaus.plexus.util.xml.pull.MXParser.nextImpl(MXParser.java:1361)
	at org.codehaus.plexus.util.xml.pull.MXParser.next(MXParser.java:1319)
	at org.codehaus.plexus.util.xml.pull.MXParser.nextTag(MXParser.java:1305)
	at org.apache.maven.model.io.xpp3.MavenXpp3Reader.parseModel(MavenXpp3Reader.java:2235)
	at org.apache.maven.model.io.xpp3.MavenXpp3Reader.read(MavenXpp3Reader.java:3872)
	at org.apache.maven.model.io.xpp3.MavenXpp3Reader.read(MavenXpp3Reader.java:595)
	at org.apache.maven.model.io.DefaultModelReader.read(DefaultModelReader.java:112)
	... 26 common frames omitted
2023-04-02 16:12:18,616 [Worker-67: Building] ERROR o.e.m.c.i.p.r.ProjectRegistryManager - Could not read pom.xml
org.eclipse.core.runtime.CoreException: Could not read pom.xml
	at org.eclipse.m2e.core.internal.IMavenToolbox.readModel(IMavenToolbox.java:230)
	at org.eclipse.m2e.core.internal.project.registry.ProjectRegistryManager.refreshPhase2(ProjectRegistryManager.java:574)
	at org.eclipse.m2e.core.internal.project.registry.ProjectRegistryManager.refresh(ProjectRegistryManager.java:474)
	at org.eclipse.m2e.core.internal.project.registry.ProjectRegistryManager.refresh(ProjectRegistryManager.java:360)
	at org.eclipse.m2e.core.internal.project.registry.ProjectRegistryManager.refresh(ProjectRegistryManager.java:313)
	at org.eclipse.m2e.core.internal.builder.MavenBuilder$BuildMethod.getProjectFacade(MavenBuilder.java:149)
	at org.eclipse.m2e.core.internal.builder.MavenBuilder$BuildMethod.lambda$0(MavenBuilder.java:87)
	at org.eclipse.m2e.core.internal.embedder.MavenExecutionContext.executeBare(MavenExecutionContext.java:364)
	at org.eclipse.m2e.core.internal.embedder.MavenExecutionContext.execute(MavenExecutionContext.java:274)
	at org.eclipse.m2e.core.internal.embedder.MavenExecutionContext.execute(MavenExecutionContext.java:213)
	at org.eclipse.m2e.core.internal.builder.MavenBuilder$BuildMethod.execute(MavenBuilder.java:86)
	at org.eclipse.m2e.core.internal.builder.MavenBuilder.build(MavenBuilder.java:196)
	at org.eclipse.core.internal.events.BuildManager$2.run(BuildManager.java:1020)
	at org.eclipse.core.runtime.SafeRunner.run(SafeRunner.java:45)
	at org.eclipse.core.internal.events.BuildManager.basicBuild(BuildManager.java:247)
	at org.eclipse.core.internal.events.BuildManager.basicBuild(BuildManager.java:303)
	at org.eclipse.core.internal.events.BuildManager$1.run(BuildManager.java:392)
	at org.eclipse.core.runtime.SafeRunner.run(SafeRunner.java:45)
	at org.eclipse.core.internal.events.BuildManager.basicBuild(BuildManager.java:395)
	at org.eclipse.core.internal.events.BuildManager.basicBuildLoop(BuildManager.java:506)
	at org.eclipse.core.internal.events.BuildManager.basicBuildLoop(BuildManager.java:454)
	at org.eclipse.core.internal.events.BuildManager.build(BuildManager.java:536)
	at org.eclipse.core.internal.events.AutoBuildJob.doBuild(AutoBuildJob.java:161)
	at org.eclipse.core.internal.events.AutoBuildJob.run(AutoBuildJob.java:255)
	at org.eclipse.core.internal.jobs.Worker.run(Worker.java:63)
Caused by: org.apache.maven.model.io.ModelParseException: end tag name </dependency> must match start tag name <dependencies> from line 20 (position: TEXT seen ...</dependency>\n\t\t\n\t\t</dependency>... @66:16) 
	at org.apache.maven.model.io.DefaultModelReader.read(DefaultModelReader.java:117)
	at org.apache.maven.model.io.DefaultModelReader.read(DefaultModelReader.java:85)
	at org.eclipse.m2e.core.internal.IMavenToolbox.readModel(IMavenToolbox.java:228)
	... 24 common frames omitted
Caused by: org.codehaus.plexus.util.xml.pull.XmlPullParserException: end tag name </dependency> must match start tag name <dependencies> from line 20 (position: TEXT seen ...</dependency>\n\t\t\n\t\t</dependency>... @66:16) 
	at org.codehaus.plexus.util.xml.pull.MXParser.parseEndTag(MXParser.java:2090)
	at org.codehaus.plexus.util.xml.pull.MXParser.nextImpl(MXParser.java:1361)
	at org.codehaus.plexus.util.xml.pull.MXParser.next(MXParser.java:1319)
	at org.codehaus.plexus.util.xml.pull.MXParser.nextTag(MXParser.java:1305)
	at org.apache.maven.model.io.xpp3.MavenXpp3Reader.parseModel(MavenXpp3Reader.java:2235)
	at org.apache.maven.model.io.xpp3.MavenXpp3Reader.read(MavenXpp3Reader.java:3872)
	at org.apache.maven.model.io.xpp3.MavenXpp3Reader.read(MavenXpp3Reader.java:595)
	at org.apache.maven.model.io.DefaultModelReader.read(DefaultModelReader.java:112)
	... 26 common frames omitted
2023-04-02 16:13:20,158 [Worker-66: Building] INFO  o.e.m.c.i.l.LifecycleMappingFactory - Using org.eclipse.m2e.jdt.JarLifecycleMapping lifecycle mapping for MavenProject: com.capstone.application:g3-auth0-service:0.0.1-SNAPSHOT @ D:\JavaFS TRAINING\Practice-M-S\Final-integration-main\Microservices\g3-auth0-service\pom.xml.
2023-04-02 16:13:21,159 [Worker-66: Building] INFO  o.a.m.s.f.DefaultMavenResourcesFiltering - Copying 1 resource
2023-04-02 16:13:21,193 [Worker-66: Building] INFO  o.a.m.s.f.DefaultMavenResourcesFiltering - Copying 0 resource
2023-04-02 16:13:21,198 [Worker-66: Building] INFO  o.a.m.s.f.DefaultMavenResourcesFiltering - skip non existing resourceDirectory D:\JavaFS TRAINING\Practice-M-S\Final-integration-main\Microservices\g3-auth0-service\src\test\resources
2023-04-02 16:13:22,609 [Worker-68: Building] INFO  o.a.m.s.f.DefaultMavenResourcesFiltering - Copying 1 resource
2023-04-02 16:13:22,614 [Worker-68: Building] INFO  o.a.m.s.f.DefaultMavenResourcesFiltering - Copying 0 resource
2023-04-02 16:13:22,620 [Worker-68: Building] INFO  o.a.m.s.f.DefaultMavenResourcesFiltering - skip non existing resourceDirectory D:\JavaFS TRAINING\Practice-M-S\Final-integration-main\Microservices\g3-auth0-service\src\test\resources
2023-04-02 16:13:49,418 [Worker-68: Updating Maven Project] INFO  o.e.m.c.i.p.ProjectConfigurationManager - Update started
2023-04-02 16:13:49,743 [Worker-68: Updating Maven Project] INFO  o.e.m.c.i.l.LifecycleMappingFactory - Using org.eclipse.m2e.jdt.JarLifecycleMapping lifecycle mapping for MavenProject: com.capstone.application:g3-auth0-service:0.0.1-SNAPSHOT @ D:\JavaFS TRAINING\Practice-M-S\Final-integration-main\Microservices\g3-auth0-service\pom.xml.
2023-04-02 16:13:50,447 [Worker-68: Updating Maven Project] INFO  o.e.m.j.i.AbstractJavaProjectConfigurator - Adding source folder /g3-auth0-service/src/main/java
2023-04-02 16:13:50,447 [Worker-68: Updating Maven Project] INFO  o.e.m.j.i.AbstractJavaProjectConfigurator - Adding resource folder /g3-auth0-service/src/main/resources
2023-04-02 16:13:50,447 [Worker-68: Updating Maven Project] INFO  o.e.m.j.i.AbstractJavaProjectConfigurator - Adding resource folder /g3-auth0-service/src/main/resources
2023-04-02 16:13:50,448 [Worker-68: Updating Maven Project] INFO  o.e.m.j.i.AbstractJavaProjectConfigurator - Adding source folder /g3-auth0-service/src/test/java
2023-04-02 16:13:51,381 [Worker-68: Updating Maven Project] INFO  o.e.m.c.i.p.ProjectConfigurationManager - Update completed for 1 poms: local refresh takes 0.00 sec, refresh facades takes 0.00 sec, update config takes 0.00 sec 
